INFO 2025-05-26 21:58:42,887 autoreload 20360 3280 Watching for file changes with StatReloader
INFO 2025-05-26 22:44:43,693 middleware 20360 18816 API Request
WARNING 2025-05-26 22:44:43,720 basehttp 20360 18816 "POST /api/v1/users/register HTTP/1.1" 404 13840
INFO 2025-05-26 22:45:01,268 middleware 20360 18816 API Request
WARNING 2025-05-26 22:45:01,273 basehttp 20360 18816 "POST /api/v1/users/register/ HTTP/1.1" 404 13843
INFO 2025-05-26 22:51:08,151 middleware 20360 21100 API Request
WARNING 2025-05-26 22:51:08,157 basehttp 20360 21100 "POST /api/v1/auth/register/ HTTP/1.1" 400 144
INFO 2025-05-26 22:53:06,755 middleware 20360 13808 API Request
WARNING 2025-05-26 22:53:06,760 basehttp 20360 13808 "POST /api/v1/auth/register/ HTTP/1.1" 400 94
ERROR 2025-05-26 22:56:50,744 log 20360 5200 Internal Server Error: /api/v1/auth/register/
Traceback (most recent call last):
  File "D:\durgas\Prbal-App\Prbal_backend\abc\Lib\site-packages\django\db\backends\utils.py", line 105, in _execute
    return self.cursor.execute(sql, params)
           ~~~~~~~~~~~~~~~~~~~^^^^^^^^^^^^^
psycopg2.errors.DatatypeMismatch: column "user_id" is of type bigint but expression is of type uuid
LINE 1: ...ti", "token", "created_at", "expires_at") VALUES ('d63ab550-...
                                                             ^
HINT:  You will need to rewrite or cast the expression.


The above exception was the direct cause of the following exception:

Traceback (most recent call last):
  File "D:\durgas\Prbal-App\Prbal_backend\abc\Lib\site-packages\django\core\handlers\exception.py", line 55, in inner
    response = get_response(request)
  File "D:\durgas\Prbal-App\Prbal_backend\abc\Lib\site-packages\django\core\handlers\base.py", line 197, in _get_response
    response = wrapped_callback(request, *callback_args, **callback_kwargs)
  File "D:\durgas\Prbal-App\Prbal_backend\abc\Lib\site-packages\django\views\decorators\csrf.py", line 65, in _view_wrapper
    return view_func(request, *args, **kwargs)
  File "D:\durgas\Prbal-App\Prbal_backend\abc\Lib\site-packages\django\views\generic\base.py", line 104, in view
    return self.dispatch(request, *args, **kwargs)
           ~~~~~~~~~~~~~^^^^^^^^^^^^^^^^^^^^^^^^^^
  File "D:\durgas\Prbal-App\Prbal_backend\abc\Lib\site-packages\rest_framework\views.py", line 515, in dispatch
    response = self.handle_exception(exc)
  File "D:\durgas\Prbal-App\Prbal_backend\abc\Lib\site-packages\rest_framework\views.py", line 475, in handle_exception
    self.raise_uncaught_exception(exc)
    ~~~~~~~~~~~~~~~~~~~~~~~~~~~~~^^^^^
  File "D:\durgas\Prbal-App\Prbal_backend\abc\Lib\site-packages\rest_framework\views.py", line 486, in raise_uncaught_exception
    raise exc
  File "D:\durgas\Prbal-App\Prbal_backend\abc\Lib\site-packages\rest_framework\views.py", line 512, in dispatch
    response = handler(request, *args, **kwargs)
  File "D:\durgas\Prbal-App\Prbal_backend\users\views.py", line 29, in post
    refresh = RefreshToken.for_user(user)
  File "D:\durgas\Prbal-App\Prbal_backend\abc\Lib\site-packages\rest_framework_simplejwt\tokens.py", line 331, in for_user
    OutstandingToken.objects.create(
    ~~~~~~~~~~~~~~~~~~~~~~~~~~~~~~~^
        user=user,
        ^^^^^^^^^^
    ...<3 lines>...
        expires_at=datetime_from_epoch(exp),
        ^^^^^^^^^^^^^^^^^^^^^^^^^^^^^^^^^^^^
    )
    ^
  File "D:\durgas\Prbal-App\Prbal_backend\abc\Lib\site-packages\django\db\models\manager.py", line 87, in manager_method
    return getattr(self.get_queryset(), name)(*args, **kwargs)
           ~~~~~~~~~~~~~~~~~~~~~~~~~~~~~~~~~~^^^^^^^^^^^^^^^^^
  File "D:\durgas\Prbal-App\Prbal_backend\abc\Lib\site-packages\django\db\models\query.py", line 663, in create
    obj.save(force_insert=True, using=self.db)
    ~~~~~~~~^^^^^^^^^^^^^^^^^^^^^^^^^^^^^^^^^^
  File "D:\durgas\Prbal-App\Prbal_backend\abc\Lib\site-packages\django\db\models\base.py", line 902, in save
    self.save_base(
    ~~~~~~~~~~~~~~^
        using=using,
        ^^^^^^^^^^^^
    ...<2 lines>...
        update_fields=update_fields,
        ^^^^^^^^^^^^^^^^^^^^^^^^^^^^
    )
    ^
  File "D:\durgas\Prbal-App\Prbal_backend\abc\Lib\site-packages\django\db\models\base.py", line 1008, in save_base
    updated = self._save_table(
        raw,
    ...<4 lines>...
        update_fields,
    )
  File "D:\durgas\Prbal-App\Prbal_backend\abc\Lib\site-packages\django\db\models\base.py", line 1169, in _save_table
    results = self._do_insert(
        cls._base_manager, using, fields, returning_fields, raw
    )
  File "D:\durgas\Prbal-App\Prbal_backend\abc\Lib\site-packages\django\db\models\base.py", line 1210, in _do_insert
    return manager._insert(
           ~~~~~~~~~~~~~~~^
        [self],
        ^^^^^^^
    ...<3 lines>...
        raw=raw,
        ^^^^^^^^
    )
    ^
  File "D:\durgas\Prbal-App\Prbal_backend\abc\Lib\site-packages\django\db\models\manager.py", line 87, in manager_method
    return getattr(self.get_queryset(), name)(*args, **kwargs)
           ~~~~~~~~~~~~~~~~~~~~~~~~~~~~~~~~~~^^^^^^^^^^^^^^^^^
  File "D:\durgas\Prbal-App\Prbal_backend\abc\Lib\site-packages\django\db\models\query.py", line 1864, in _insert
    return query.get_compiler(using=using).execute_sql(returning_fields)
           ~~~~~~~~~~~~~~~~~~~~~~~~~~~~~~~~~~~~~~~~~~~^^^^^^^^^^^^^^^^^^
  File "D:\durgas\Prbal-App\Prbal_backend\abc\Lib\site-packages\django\db\models\sql\compiler.py", line 1882, in execute_sql
    cursor.execute(sql, params)
    ~~~~~~~~~~~~~~^^^^^^^^^^^^^
  File "D:\durgas\Prbal-App\Prbal_backend\abc\Lib\site-packages\django\db\backends\utils.py", line 122, in execute
    return super().execute(sql, params)
           ~~~~~~~~~~~~~~~^^^^^^^^^^^^^
  File "D:\durgas\Prbal-App\Prbal_backend\abc\Lib\site-packages\django\db\backends\utils.py", line 79, in execute
    return self._execute_with_wrappers(
           ~~~~~~~~~~~~~~~~~~~~~~~~~~~^
        sql, params, many=False, executor=self._execute
        ^^^^^^^^^^^^^^^^^^^^^^^^^^^^^^^^^^^^^^^^^^^^^^^
    )
    ^
  File "D:\durgas\Prbal-App\Prbal_backend\abc\Lib\site-packages\django\db\backends\utils.py", line 92, in _execute_with_wrappers
    return executor(sql, params, many, context)
  File "D:\durgas\Prbal-App\Prbal_backend\abc\Lib\site-packages\django\db\backends\utils.py", line 100, in _execute
    with self.db.wrap_database_errors:
         ^^^^^^^^^^^^^^^^^^^^^^^^^^^^
  File "D:\durgas\Prbal-App\Prbal_backend\abc\Lib\site-packages\django\db\utils.py", line 91, in __exit__
    raise dj_exc_value.with_traceback(traceback) from exc_value
  File "D:\durgas\Prbal-App\Prbal_backend\abc\Lib\site-packages\django\db\backends\utils.py", line 105, in _execute
    return self.cursor.execute(sql, params)
           ~~~~~~~~~~~~~~~~~~~^^^^^^^^^^^^^
django.db.utils.ProgrammingError: column "user_id" is of type bigint but expression is of type uuid
LINE 1: ...ti", "token", "created_at", "expires_at") VALUES ('d63ab550-...
                                                             ^
HINT:  You will need to rewrite or cast the expression.

INFO 2025-05-26 22:56:50,826 middleware 20360 5200 API Request
ERROR 2025-05-26 22:56:50,830 basehttp 20360 5200 "POST /api/v1/auth/register/ HTTP/1.1" 500 204419
INFO 2025-05-26 23:21:50,602 autoreload 20360 3280 D:\durgas\Prbal-App\Prbal_backend\prbal_project\settings.py changed, reloading.
INFO 2025-05-26 23:21:59,905 autoreload 21736 21628 Watching for file changes with StatReloader
INFO 2025-05-26 23:22:26,105 autoreload 21736 21628 D:\durgas\Prbal-App\Prbal_backend\users\views.py changed, reloading.
INFO 2025-05-26 23:22:36,356 autoreload 1420 16284 Watching for file changes with StatReloader
INFO 2025-05-26 23:22:49,832 autoreload 1420 16284 D:\durgas\Prbal-App\Prbal_backend\users\views.py changed, reloading.
INFO 2025-05-26 23:22:55,691 autoreload 2316 21236 Watching for file changes with StatReloader
INFO 2025-05-26 23:24:32,032 autoreload 21852 20084 Watching for file changes with StatReloader
INFO 2025-05-26 23:24:56,888 middleware 21852 3096 API Request
WARNING 2025-05-26 23:24:56,896 basehttp 21852 3096 "POST /api/v1/auth/register/ HTTP/1.1" 400 158
INFO 2025-05-26 23:26:04,825 middleware 21852 2692 API Request
WARNING 2025-05-26 23:26:04,832 basehttp 21852 2692 "POST /api/v1/users/login HTTP/1.1" 404 13831
ERROR 2025-05-26 23:26:31,713 log 21852 2692 Internal Server Error: /api/v1/auth/login/
Traceback (most recent call last):
  File "D:\durgas\Prbal-App\Prbal_backend\abc\Lib\site-packages\django\db\backends\utils.py", line 105, in _execute
    return self.cursor.execute(sql, params)
           ~~~~~~~~~~~~~~~~~~~^^^^^^^^^^^^^
psycopg2.errors.DatatypeMismatch: column "user_id" is of type bigint but expression is of type uuid
LINE 1: ...ti", "token", "created_at", "expires_at") VALUES ('d63ab550-...
                                                             ^
HINT:  You will need to rewrite or cast the expression.


The above exception was the direct cause of the following exception:

Traceback (most recent call last):
  File "D:\durgas\Prbal-App\Prbal_backend\abc\Lib\site-packages\django\core\handlers\exception.py", line 55, in inner
    response = get_response(request)
  File "D:\durgas\Prbal-App\Prbal_backend\abc\Lib\site-packages\django\core\handlers\base.py", line 197, in _get_response
    response = wrapped_callback(request, *callback_args, **callback_kwargs)
  File "D:\durgas\Prbal-App\Prbal_backend\abc\Lib\site-packages\django\views\decorators\csrf.py", line 65, in _view_wrapper
    return view_func(request, *args, **kwargs)
  File "D:\durgas\Prbal-App\Prbal_backend\abc\Lib\site-packages\django\views\generic\base.py", line 104, in view
    return self.dispatch(request, *args, **kwargs)
           ~~~~~~~~~~~~~^^^^^^^^^^^^^^^^^^^^^^^^^^
  File "D:\durgas\Prbal-App\Prbal_backend\abc\Lib\site-packages\rest_framework\views.py", line 515, in dispatch
    response = self.handle_exception(exc)
  File "D:\durgas\Prbal-App\Prbal_backend\abc\Lib\site-packages\rest_framework\views.py", line 475, in handle_exception
    self.raise_uncaught_exception(exc)
    ~~~~~~~~~~~~~~~~~~~~~~~~~~~~~^^^^^
  File "D:\durgas\Prbal-App\Prbal_backend\abc\Lib\site-packages\rest_framework\views.py", line 486, in raise_uncaught_exception
    raise exc
  File "D:\durgas\Prbal-App\Prbal_backend\abc\Lib\site-packages\rest_framework\views.py", line 512, in dispatch
    response = handler(request, *args, **kwargs)
  File "D:\durgas\Prbal-App\Prbal_backend\users\views.py", line 56, in post
    refresh = CustomRefreshToken.for_user(user)
  File "D:\durgas\Prbal-App\Prbal_backend\users\tokens.py", line 14, in for_user
    token = super(RefreshToken, cls).for_user(user)
  File "D:\durgas\Prbal-App\Prbal_backend\abc\Lib\site-packages\rest_framework_simplejwt\tokens.py", line 331, in for_user
    OutstandingToken.objects.create(
    ~~~~~~~~~~~~~~~~~~~~~~~~~~~~~~~^
        user=user,
        ^^^^^^^^^^
    ...<3 lines>...
        expires_at=datetime_from_epoch(exp),
        ^^^^^^^^^^^^^^^^^^^^^^^^^^^^^^^^^^^^
    )
    ^
  File "D:\durgas\Prbal-App\Prbal_backend\abc\Lib\site-packages\django\db\models\manager.py", line 87, in manager_method
    return getattr(self.get_queryset(), name)(*args, **kwargs)
           ~~~~~~~~~~~~~~~~~~~~~~~~~~~~~~~~~~^^^^^^^^^^^^^^^^^
  File "D:\durgas\Prbal-App\Prbal_backend\abc\Lib\site-packages\django\db\models\query.py", line 663, in create
    obj.save(force_insert=True, using=self.db)
    ~~~~~~~~^^^^^^^^^^^^^^^^^^^^^^^^^^^^^^^^^^
  File "D:\durgas\Prbal-App\Prbal_backend\abc\Lib\site-packages\django\db\models\base.py", line 902, in save
    self.save_base(
    ~~~~~~~~~~~~~~^
        using=using,
        ^^^^^^^^^^^^
    ...<2 lines>...
        update_fields=update_fields,
        ^^^^^^^^^^^^^^^^^^^^^^^^^^^^
    )
    ^
  File "D:\durgas\Prbal-App\Prbal_backend\abc\Lib\site-packages\django\db\models\base.py", line 1008, in save_base
    updated = self._save_table(
        raw,
    ...<4 lines>...
        update_fields,
    )
  File "D:\durgas\Prbal-App\Prbal_backend\abc\Lib\site-packages\django\db\models\base.py", line 1169, in _save_table
    results = self._do_insert(
        cls._base_manager, using, fields, returning_fields, raw
    )
  File "D:\durgas\Prbal-App\Prbal_backend\abc\Lib\site-packages\django\db\models\base.py", line 1210, in _do_insert
    return manager._insert(
           ~~~~~~~~~~~~~~~^
        [self],
        ^^^^^^^
    ...<3 lines>...
        raw=raw,
        ^^^^^^^^
    )
    ^
  File "D:\durgas\Prbal-App\Prbal_backend\abc\Lib\site-packages\django\db\models\manager.py", line 87, in manager_method
    return getattr(self.get_queryset(), name)(*args, **kwargs)
           ~~~~~~~~~~~~~~~~~~~~~~~~~~~~~~~~~~^^^^^^^^^^^^^^^^^
  File "D:\durgas\Prbal-App\Prbal_backend\abc\Lib\site-packages\django\db\models\query.py", line 1864, in _insert
    return query.get_compiler(using=using).execute_sql(returning_fields)
           ~~~~~~~~~~~~~~~~~~~~~~~~~~~~~~~~~~~~~~~~~~~^^^^^^^^^^^^^^^^^^
  File "D:\durgas\Prbal-App\Prbal_backend\abc\Lib\site-packages\django\db\models\sql\compiler.py", line 1882, in execute_sql
    cursor.execute(sql, params)
    ~~~~~~~~~~~~~~^^^^^^^^^^^^^
  File "D:\durgas\Prbal-App\Prbal_backend\abc\Lib\site-packages\django\db\backends\utils.py", line 122, in execute
    return super().execute(sql, params)
           ~~~~~~~~~~~~~~~^^^^^^^^^^^^^
  File "D:\durgas\Prbal-App\Prbal_backend\abc\Lib\site-packages\django\db\backends\utils.py", line 79, in execute
    return self._execute_with_wrappers(
           ~~~~~~~~~~~~~~~~~~~~~~~~~~~^
        sql, params, many=False, executor=self._execute
        ^^^^^^^^^^^^^^^^^^^^^^^^^^^^^^^^^^^^^^^^^^^^^^^
    )
    ^
  File "D:\durgas\Prbal-App\Prbal_backend\abc\Lib\site-packages\django\db\backends\utils.py", line 92, in _execute_with_wrappers
    return executor(sql, params, many, context)
  File "D:\durgas\Prbal-App\Prbal_backend\abc\Lib\site-packages\django\db\backends\utils.py", line 100, in _execute
    with self.db.wrap_database_errors:
         ^^^^^^^^^^^^^^^^^^^^^^^^^^^^
  File "D:\durgas\Prbal-App\Prbal_backend\abc\Lib\site-packages\django\db\utils.py", line 91, in __exit__
    raise dj_exc_value.with_traceback(traceback) from exc_value
  File "D:\durgas\Prbal-App\Prbal_backend\abc\Lib\site-packages\django\db\backends\utils.py", line 105, in _execute
    return self.cursor.execute(sql, params)
           ~~~~~~~~~~~~~~~~~~~^^^^^^^^^^^^^
django.db.utils.ProgrammingError: column "user_id" is of type bigint but expression is of type uuid
LINE 1: ...ti", "token", "created_at", "expires_at") VALUES ('d63ab550-...
                                                             ^
HINT:  You will need to rewrite or cast the expression.

INFO 2025-05-26 23:26:31,778 middleware 21852 2692 API Request
ERROR 2025-05-26 23:26:31,782 basehttp 21852 2692 "POST /api/v1/auth/login/ HTTP/1.1" 500 207085
INFO 2025-05-26 23:27:27,116 autoreload 21852 20084 D:\durgas\Prbal-App\Prbal_backend\users\tokens.py changed, reloading.
INFO 2025-05-26 23:27:34,777 autoreload 12088 5316 Watching for file changes with StatReloader
INFO 2025-05-26 23:29:23,763 autoreload 16852 3992 Watching for file changes with StatReloader
INFO 2025-05-26 23:29:57,174 middleware 16852 19748 API Request
INFO 2025-05-26 23:29:57,179 basehttp 16852 19748 "POST /api/v1/auth/login/ HTTP/1.1" 200 1074
INFO 2025-05-26 23:33:01,039 middleware 16852 6156 API Request
ERROR 2025-05-26 23:33:01,585 log 16852 6156 Internal Server Error: /api/v1/auth/token/refresh
Traceback (most recent call last):
  File "D:\durgas\Prbal-App\Prbal_backend\abc\Lib\site-packages\django\core\handlers\exception.py", line 55, in inner
    response = get_response(request)
  File "D:\durgas\Prbal-App\Prbal_backend\abc\Lib\site-packages\django\utils\deprecation.py", line 122, in __call__
    response = self.process_response(request, response)
  File "D:\durgas\Prbal-App\Prbal_backend\abc\Lib\site-packages\django\middleware\common.py", line 108, in process_response
    return self.response_redirect_class(self.get_full_path_with_slash(request))
                                        ~~~~~~~~~~~~~~~~~~~~~~~~~~~~~^^^^^^^^^
  File "D:\durgas\Prbal-App\Prbal_backend\abc\Lib\site-packages\django\middleware\common.py", line 87, in get_full_path_with_slash
    raise RuntimeError(
    ...<9 lines>...
    )
RuntimeError: You called this URL via POST, but the URL doesn't end in a slash and you have APPEND_SLASH set. Django can't redirect to the slash URL while maintaining POST data. Change your form to point to localhost:8000/api/v1/auth/token/refresh/ (note the trailing slash), or set APPEND_SLASH=False in your Django settings.
ERROR 2025-05-26 23:33:01,600 basehttp 16852 6156 "POST /api/v1/auth/token/refresh HTTP/1.1" 500 86707
INFO 2025-05-26 23:33:25,568 middleware 16852 19716 API Request
INFO 2025-05-26 23:33:25,573 basehttp 16852 19716 "POST /api/v1/auth/token/refresh/ HTTP/1.1" 200 331
INFO 2025-05-26 23:34:04,985 middleware 16852 19716 API Request
INFO 2025-05-26 23:34:04,990 basehttp 16852 19716 "GET /api/v1/users/me HTTP/1.1" 301 0
INFO 2025-05-26 23:34:05,446 middleware 16852 15572 API Request
INFO 2025-05-26 23:34:05,449 basehttp 16852 15572 "GET /api/v1/users/me/ HTTP/1.1" 200 435
INFO 2025-05-26 23:42:58,768 middleware 16852 12772 API Request
WARNING 2025-05-26 23:42:58,777 basehttp 16852 12772 "POST /api/v1/auth/login/ HTTP/1.1" 400 109
INFO 2025-05-26 23:44:00,957 middleware 16852 12772 API Request
INFO 2025-05-26 23:44:00,960 basehttp 16852 12772 "POST /api/v1/auth/login/ HTTP/1.1" 200 1074
INFO 2025-05-26 23:46:36,717 middleware 16852 4980 API Request
WARNING 2025-05-26 23:46:36,723 basehttp 16852 4980 "POST /api/v1/users/profile/image HTTP/1.1" 404 13855
INFO 2025-05-26 23:51:39,113 autoreload 16852 3992 D:\durgas\Prbal-App\Prbal_backend\users\views.py changed, reloading.
INFO 2025-05-26 23:51:47,984 autoreload 20576 19536 Watching for file changes with StatReloader
INFO 2025-05-26 23:52:17,186 autoreload 20576 19536 D:\durgas\Prbal-App\Prbal_backend\users\urls.py changed, reloading.
INFO 2025-05-26 23:52:24,072 autoreload 15628 9232 Watching for file changes with StatReloader
INFO 2025-05-26 23:53:34,521 autoreload 5456 11844 Watching for file changes with StatReloader
INFO 2025-05-26 23:54:10,843 middleware 5456 13948 API Request
INFO 2025-05-26 23:54:10,849 basehttp 5456 13948 "POST /api/v1/users/profile/image/ HTTP/1.1" 200 528
INFO 2025-05-26 23:54:18,185 middleware 5456 13948 API Request
INFO 2025-05-26 23:54:18,191 basehttp 5456 13948 "POST /api/v1/users/profile/image/ HTTP/1.1" 200 536
INFO 2025-05-26 23:55:30,032 middleware 5456 17988 API Request
WARNING 2025-05-26 23:55:30,036 basehttp 5456 17988 "GET /api/v1/customer-profiles/me HTTP/1.1" 404 14146
INFO 2025-05-26 23:55:37,370 middleware 5456 17988 API Request
WARNING 2025-05-26 23:55:37,375 basehttp 5456 17988 "GET /api/v1/customer-profiles/me/ HTTP/1.1" 404 14149
INFO 2025-05-26 23:57:18,009 middleware 5456 17160 API Request
WARNING 2025-05-26 23:57:18,022 basehttp 5456 17160 "GET /api/v1/customer-profiles/me/ HTTP/1.1" 404 14149
INFO 2025-05-26 23:59:26,770 middleware 5456 22444 API Request
INFO 2025-05-26 23:59:26,783 basehttp 5456 22444 "GET /api/v1/users/me/ HTTP/1.1" 200 497
INFO 2025-05-26 23:59:37,806 middleware 5456 22444 API Request
INFO 2025-05-26 23:59:37,815 basehttp 5456 22444 "GET /api/v1/users/me/ HTTP/1.1" 200 496
INFO 2025-05-27 00:00:13,241 middleware 5456 22444 API Request
ERROR 2025-05-27 00:00:13,515 log 5456 22444 Internal Server Error: /api/v1/users/me
Traceback (most recent call last):
  File "D:\durgas\Prbal-App\Prbal_backend\abc\Lib\site-packages\django\core\handlers\exception.py", line 55, in inner
    response = get_response(request)
  File "D:\durgas\Prbal-App\Prbal_backend\abc\Lib\site-packages\django\utils\deprecation.py", line 122, in __call__
    response = self.process_response(request, response)
  File "D:\durgas\Prbal-App\Prbal_backend\abc\Lib\site-packages\django\middleware\common.py", line 108, in process_response
    return self.response_redirect_class(self.get_full_path_with_slash(request))
                                        ~~~~~~~~~~~~~~~~~~~~~~~~~~~~~^^^^^^^^^
  File "D:\durgas\Prbal-App\Prbal_backend\abc\Lib\site-packages\django\middleware\common.py", line 87, in get_full_path_with_slash
    raise RuntimeError(
    ...<9 lines>...
    )
RuntimeError: You called this URL via PATCH, but the URL doesn't end in a slash and you have APPEND_SLASH set. Django can't redirect to the slash URL while maintaining PATCH data. Change your form to point to localhost:8000/api/v1/users/me/ (note the trailing slash), or set APPEND_SLASH=False in your Django settings.
ERROR 2025-05-27 00:00:13,536 basehttp 5456 22444 "PATCH /api/v1/users/me HTTP/1.1" 500 86710
INFO 2025-05-27 00:00:21,341 middleware 5456 15056 API Request
INFO 2025-05-27 00:00:21,344 basehttp 5456 15056 "PATCH /api/v1/users/me/ HTTP/1.1" 200 520
INFO 2025-05-27 00:01:50,871 middleware 5456 18876 API Request
WARNING 2025-05-27 00:01:50,874 basehttp 5456 18876 "GET /api/v1/users/me/ HTTP/1.1" 401 147
INFO 2025-05-27 00:16:27,620 middleware 5456 6516 API Request
WARNING 2025-05-27 00:16:27,631 basehttp 5456 6516 "POST /api/v1/auth/register/ HTTP/1.1" 400 159
INFO 2025-05-27 00:16:40,764 middleware 5456 6516 API Request
WARNING 2025-05-27 00:16:40,784 basehttp 5456 6516 "POST /api/v1/auth/login/ HTTP/1.1" 400 107
INFO 2025-05-27 00:18:47,137 middleware 5456 15660 API Request
INFO 2025-05-27 00:18:47,141 basehttp 5456 15660 "POST /api/v1/auth/login/ HTTP/1.1" 200 1139
INFO 2025-05-27 00:20:22,283 middleware 5456 17152 API Request
INFO 2025-05-27 00:20:22,300 basehttp 5456 17152 "POST /api/v1/auth/token/refresh/ HTTP/1.1" 200 331
INFO 2025-05-27 00:21:14,696 middleware 5456 17152 API Request
INFO 2025-05-27 00:21:14,704 basehttp 5456 17152 "GET /api/v1/users/me/ HTTP/1.1" 200 519
INFO 2025-05-27 00:21:27,646 basehttp 5456 10708 "GET /media/profile_pictures/unnamed_Z6V8JbN.jpg HTTP/1.1" 200 3246
INFO 2025-05-27 00:24:20,445 middleware 5456 9852 API Request
INFO 2025-05-27 00:24:20,459 basehttp 5456 9852 "POST /api/v1/users/profile/image/ HTTP/1.1" 200 553
INFO 2025-05-27 00:29:05,630 middleware 5456 1768 API Request
INFO 2025-05-27 00:29:05,643 basehttp 5456 1768 "GET /api/v1/users/me/ HTTP/1.1" 200 514
INFO 2025-05-27 00:29:26,271 middleware 5456 1768 API Request
INFO 2025-05-27 00:29:26,274 basehttp 5456 1768 "PATCH /api/v1/users/me/ HTTP/1.1" 200 514
INFO 2025-05-27 00:29:50,319 middleware 5456 1768 API Request
INFO 2025-05-27 00:29:50,322 basehttp 5456 1768 "GET /api/v1/users/me/ HTTP/1.1" 200 513
INFO 2025-05-27 00:31:04,875 middleware 5456 13452 API Request
INFO 2025-05-27 00:31:04,881 basehttp 5456 13452 "GET /api/v1/users/me/ HTTP/1.1" 200 514
INFO 2025-05-27 00:31:23,416 middleware 5456 13452 API Request
WARNING 2025-05-27 00:31:23,422 basehttp 5456 13452 "PATCH /api/v1/provider-profiles/me/ HTTP/1.1" 404 14151
INFO 2025-05-27 00:31:39,957 middleware 5456 13452 API Request
WARNING 2025-05-27 00:31:39,963 basehttp 5456 13452 "PATCH /api/v1/user/me/ HTTP/1.1" 404 14112
INFO 2025-05-27 00:31:57,491 middleware 5456 13452 API Request
INFO 2025-05-27 00:31:57,495 basehttp 5456 13452 "PATCH /api/v1/users/me/ HTTP/1.1" 200 514
INFO 2025-05-27 00:32:26,190 middleware 5456 13452 API Request
INFO 2025-05-27 00:32:26,195 basehttp 5456 13452 "GET /api/v1/services HTTP/1.1" 301 0
INFO 2025-05-27 00:32:26,770 middleware 5456 10868 API Request
INFO 2025-05-27 00:32:26,774 basehttp 5456 10868 "GET /api/v1/services/ HTTP/1.1" 200 2
INFO 2025-05-27 00:58:28,998 middleware 5456 1888 API Request
ERROR 2025-05-27 00:58:29,253 log 5456 1888 Internal Server Error: /api/v1/services
Traceback (most recent call last):
  File "D:\durgas\Prbal-App\Prbal_backend\abc\Lib\site-packages\django\core\handlers\exception.py", line 55, in inner
    response = get_response(request)
  File "D:\durgas\Prbal-App\Prbal_backend\abc\Lib\site-packages\django\utils\deprecation.py", line 122, in __call__
    response = self.process_response(request, response)
  File "D:\durgas\Prbal-App\Prbal_backend\abc\Lib\site-packages\django\middleware\common.py", line 108, in process_response
    return self.response_redirect_class(self.get_full_path_with_slash(request))
                                        ~~~~~~~~~~~~~~~~~~~~~~~~~~~~~^^^^^^^^^
  File "D:\durgas\Prbal-App\Prbal_backend\abc\Lib\site-packages\django\middleware\common.py", line 87, in get_full_path_with_slash
    raise RuntimeError(
    ...<9 lines>...
    )
RuntimeError: You called this URL via POST, but the URL doesn't end in a slash and you have APPEND_SLASH set. Django can't redirect to the slash URL while maintaining POST data. Change your form to point to localhost:8000/api/v1/services/ (note the trailing slash), or set APPEND_SLASH=False in your Django settings.
ERROR 2025-05-27 00:58:29,273 basehttp 5456 1888 "POST /api/v1/services HTTP/1.1" 500 86695
INFO 2025-05-27 00:59:04,415 middleware 5456 7412 API Request
WARNING 2025-05-27 00:59:04,420 basehttp 5456 7412 "POST /api/v1/services/ HTTP/1.1" 403 107
INFO 2025-05-27 01:15:12,888 autoreload 5456 11844 D:\durgas\Prbal-App\Prbal_backend\users\serializers.py changed, reloading.
INFO 2025-05-27 01:15:19,961 autoreload 4508 3972 Watching for file changes with StatReloader
INFO 2025-05-27 01:16:29,945 autoreload 4508 3972 D:\durgas\Prbal-App\Prbal_backend\users\views.py changed, reloading.
INFO 2025-05-27 01:16:36,950 autoreload 15184 1964 Watching for file changes with StatReloader
INFO 2025-05-27 01:17:08,395 autoreload 15184 1964 D:\durgas\Prbal-App\Prbal_backend\users\urls.py changed, reloading.
INFO 2025-05-27 01:17:13,653 autoreload 20640 6744 Watching for file changes with StatReloader
INFO 2025-05-27 01:22:49,068 autoreload 20640 6744 D:\durgas\Prbal-App\Prbal_backend\users\views.py changed, reloading.
INFO 2025-05-27 01:22:55,609 autoreload 21824 7548 Watching for file changes with StatReloader
INFO 2025-05-27 01:23:59,559 autoreload 21824 7548 D:\durgas\Prbal-App\Prbal_backend\users\views.py changed, reloading.
INFO 2025-05-27 01:24:09,342 autoreload 13932 6652 Watching for file changes with StatReloader
INFO 2025-05-27 01:24:26,899 autoreload 13932 6652 D:\durgas\Prbal-App\Prbal_backend\users\urls.py changed, reloading.
INFO 2025-05-27 01:24:32,749 autoreload 17160 4368 Watching for file changes with StatReloader
INFO 2025-05-27 01:27:39,126 autoreload 17160 4368 D:\durgas\Prbal-App\Prbal_backend\users\serializers.py changed, reloading.
INFO 2025-05-27 01:27:48,189 autoreload 21872 21312 Watching for file changes with StatReloader
INFO 2025-05-27 01:29:16,422 autoreload 21872 21312 D:\durgas\Prbal-App\Prbal_backend\users\views.py changed, reloading.
INFO 2025-05-27 01:29:28,866 autoreload 14288 6792 Watching for file changes with StatReloader
INFO 2025-05-27 04:59:11,874 autoreload 20408 21924 Watching for file changes with StatReloader
INFO 2025-05-27 04:59:50,295 basehttp 20408 10524 "GET /health/ HTTP/1.1" 200 41
INFO 2025-05-27 05:00:07,702 basehttp 20408 10524 "GET /health/db/ HTTP/1.1" 200 32
INFO 2025-05-27 05:00:59,542 middleware 20408 10524 API Request
WARNING 2025-05-27 05:00:59,568 basehttp 20408 10524 "POST /api/v1/auth/register/ HTTP/1.1" 400 129
INFO 2025-05-27 05:03:30,913 middleware 20408 17240 API Request
INFO 2025-05-27 05:03:30,917 basehttp 20408 17240 "POST /api/v1/auth/register/ HTTP/1.1" 201 1094
INFO 2025-05-27 05:04:23,977 middleware 20408 4772 API Request
INFO 2025-05-27 05:04:23,983 basehttp 20408 4772 "POST /api/v1/auth/token/refresh/ HTTP/1.1" 200 331
INFO 2025-05-27 05:05:32,528 middleware 20408 11832 API Request
INFO 2025-05-27 05:05:32,535 basehttp 20408 11832 "POST /api/v1/auth/login/ HTTP/1.1" 200 1087
INFO 2025-05-27 05:56:55,397 middleware 20408 21980 API Request
INFO 2025-05-27 05:56:55,405 basehttp 20408 21980 "POST /api/v1/auth/login/ HTTP/1.1" 200 1087
INFO 2025-05-27 05:57:41,099 middleware 20408 21980 API Request
INFO 2025-05-27 05:57:41,102 basehttp 20408 21980 "POST /api/v1/auth/token/refresh/ HTTP/1.1" 200 331
INFO 2025-05-27 06:02:29,785 middleware 20408 9044 API Request
WARNING 2025-05-27 06:02:29,791 basehttp 20408 9044 "POST /api/v1/users/me/avatar/ HTTP/1.1" 400 75
INFO 2025-05-27 06:26:04,855 middleware 20408 19496 API Request
WARNING 2025-05-27 06:26:04,862 basehttp 20408 19496 "POST /api/v1/auth/register/ HTTP/1.1" 400 130
INFO 2025-05-27 06:35:33,081 middleware 20408 10372 API Request
WARNING 2025-05-27 06:35:33,088 basehttp 20408 10372 "POST /api/v1/auth/admin/register/ HTTP/1.1" 400 189
INFO 2025-05-27 06:36:38,493 middleware 20408 21740 API Request
WARNING 2025-05-27 06:36:38,497 basehttp 20408 21740 "POST /api/v1/auth/admin/register/ HTTP/1.1" 400 99
INFO 2025-05-27 06:37:37,674 middleware 20408 21740 API Request
WARNING 2025-05-27 06:37:37,681 basehttp 20408 21740 "POST /api/v1/auth/login/ HTTP/1.1" 400 108
INFO 2025-05-27 06:41:07,421 middleware 20408 14088 API Request
WARNING 2025-05-27 06:41:07,425 basehttp 20408 14088 "POST /api/v1/auth/login/ HTTP/1.1" 400 109
INFO 2025-05-27 06:43:51,166 middleware 20408 9488 API Request
INFO 2025-05-27 06:43:51,173 basehttp 20408 9488 "POST /api/v1/auth/register/ HTTP/1.1" 201 1107
INFO 2025-05-27 06:45:50,966 middleware 20408 14460 API Request
WARNING 2025-05-27 06:45:50,973 basehttp 20408 14460 "POST /api/v1/auth/login/ HTTP/1.1" 400 103
INFO 2025-05-27 06:51:19,748 middleware 20408 17464 API Request
WARNING 2025-05-27 06:51:19,752 basehttp 20408 17464 "POST /api/v1/auth/login/ HTTP/1.1" 400 142
INFO 2025-05-27 06:51:40,174 middleware 20408 17464 API Request
INFO 2025-05-27 06:51:40,178 basehttp 20408 17464 "POST /api/v1/auth/login/ HTTP/1.1" 200 1099
INFO 2025-05-27 06:56:05,901 middleware 20408 4516 API Request
INFO 2025-05-27 06:56:05,905 basehttp 20408 4516 "POST /api/v1/auth/login/ HTTP/1.1" 200 1087
INFO 2025-05-27 07:02:00,932 middleware 20408 18732 API Request
WARNING 2025-05-27 07:02:00,937 basehttp 20408 18732 "POST /api/v1/auth/admin/register/ HTTP/1.1" 400 99
INFO 2025-05-27 07:12:18,279 autoreload 20408 21924 D:\durgas\Prbal-App\Prbal_backend\users\serializers.py changed, reloading.
INFO 2025-05-27 07:12:31,014 autoreload 22080 13624 Watching for file changes with StatReloader
INFO 2025-05-27 07:15:30,558 middleware 22080 10776 API Request
INFO 2025-05-27 07:15:30,562 basehttp 22080 10776 "POST /api/v1/auth/admin/register/ HTTP/1.1" 201 1099
INFO 2025-05-27 07:19:57,380 middleware 22080 17696 API Request
WARNING 2025-05-27 07:19:57,386 basehttp 22080 17696 "GET /api/v1/users/me/ HTTP/1.1" 401 220
INFO 2025-05-27 07:20:52,874 middleware 22080 17696 API Request
INFO 2025-05-27 07:20:52,877 basehttp 22080 17696 "GET /api/v1/users/me/ HTTP/1.1" 200 451
INFO 2025-05-27 07:23:22,714 middleware 22080 20368 API Request
WARNING 2025-05-27 07:23:22,719 basehttp 22080 20368 "POST /api/v1/users/me/avatar/ HTTP/1.1" 400 75
INFO 2025-05-27 07:24:12,814 middleware 22080 20368 API Request
WARNING 2025-05-27 07:24:12,822 basehttp 22080 20368 "POST /api/v1/users/me/avatar/ HTTP/1.1" 400 74
INFO 2025-05-27 07:30:08,808 middleware 22080 7888 API Request
INFO 2025-05-27 07:30:08,812 basehttp 22080 7888 "POST /api/v1/users/me/avatar/ HTTP/1.1" 200 494
INFO 2025-05-27 07:41:51,576 middleware 22080 18308 API Request
INFO 2025-05-27 07:41:51,581 basehttp 22080 18308 "GET /api/v1/users/5d6a07fa-d320-4fde-b7eb-ebddb86c0f17/ HTTP/1.1" 200 314
INFO 2025-05-27 07:42:46,933 middleware 22080 18308 API Request
INFO 2025-05-27 07:42:46,938 basehttp 22080 18308 "POST /api/v1/users/5d6a07fa-d320-4fde-b7eb-ebddb86c0f17/like/ HTTP/1.1" 200 101
INFO 2025-05-27 07:44:26,720 middleware 22080 16500 API Request
INFO 2025-05-27 07:44:26,764 basehttp 22080 16500 "POST /api/v1/users/5d6a07fa-d320-4fde-b7eb-ebddb86c0f17/pass/ HTTP/1.1" 200 102
INFO 2025-05-27 13:06:04,657 middleware 22080 10408 API Request
WARNING 2025-05-27 13:06:04,670 basehttp 22080 10408 "GET /api/v1/users/search/?q=test&type=provider HTTP/1.1" 401 220
INFO 2025-05-27 13:19:19,772 middleware 22080 20668 API Request
WARNING 2025-05-27 13:19:19,778 basehttp 22080 20668 "POST /api/v1/auth/login/ HTTP/1.1" 400 143
INFO 2025-05-27 13:19:38,136 middleware 22080 20668 API Request
INFO 2025-05-27 13:19:38,139 basehttp 22080 20668 "POST /api/v1/auth/login/ HTTP/1.1" 200 1142
INFO 2025-05-27 13:21:37,382 middleware 22080 1244 API Request
WARNING 2025-05-27 13:21:37,386 basehttp 22080 1244 "GET /api/v1/users/search/?q=test&type=provider HTTP/1.1" 404 111
INFO 2025-05-27 13:24:51,728 middleware 22080 21808 API Request
WARNING 2025-05-27 13:24:51,732 basehttp 22080 21808 "GET /api/v1/users/search/phone/?phone=+1987654321 HTTP/1.1" 404 110
INFO 2025-05-27 13:25:16,617 middleware 22080 21808 API Request
WARNING 2025-05-27 13:25:16,621 basehttp 22080 21808 "POST /api/v1/auth/register/ HTTP/1.1" 400 158
INFO 2025-05-27 13:31:25,942 autoreload 22080 13624 D:\durgas\Prbal-App\Prbal_backend\users\models.py changed, reloading.
INFO 2025-05-27 13:31:36,397 autoreload 21204 18804 Watching for file changes with StatReloader
INFO 2025-05-27 13:38:47,518 autoreload 21204 18804 D:\durgas\Prbal-App\Prbal_backend\users\views.py changed, reloading.
INFO 2025-05-27 13:38:55,543 autoreload 14548 10252 Watching for file changes with StatReloader
INFO 2025-05-27 13:46:09,219 autoreload 14548 10252 D:\durgas\Prbal-App\Prbal_backend\users\views.py changed, reloading.
INFO 2025-05-27 13:46:21,193 autoreload 10816 3640 Watching for file changes with StatReloader
INFO 2025-05-27 13:48:31,081 middleware 10816 12548 API Request
INFO 2025-05-27 13:48:31,085 basehttp 10816 12548 "POST /api/v1/users/search/phone/ HTTP/1.1" 200 426
INFO 2025-05-27 13:56:26,186 autoreload 10816 3640 D:\durgas\Prbal-App\Prbal_backend\users\views.py changed, reloading.
INFO 2025-05-27 13:56:37,231 autoreload 9492 11832 Watching for file changes with StatReloader
INFO 2025-05-27 14:00:14,309 autoreload 9492 11832 D:\durgas\Prbal-App\Prbal_backend\users\views.py changed, reloading.
INFO 2025-05-27 14:00:23,362 autoreload 18908 13840 Watching for file changes with StatReloader
INFO 2025-05-27 14:00:45,212 autoreload 18908 13840 D:\durgas\Prbal-App\Prbal_backend\users\views.py changed, reloading.
INFO 2025-05-27 14:00:55,345 autoreload 14808 9384 Watching for file changes with StatReloader
INFO 2025-05-27 14:01:27,162 autoreload 14808 9384 D:\durgas\Prbal-App\Prbal_backend\users\views.py changed, reloading.
INFO 2025-05-27 14:01:34,949 autoreload 10388 11964 Watching for file changes with StatReloader
INFO 2025-05-27 14:01:57,122 autoreload 10388 11964 D:\durgas\Prbal-App\Prbal_backend\users\views.py changed, reloading.
INFO 2025-05-27 14:02:05,293 autoreload 11292 15404 Watching for file changes with StatReloader
INFO 2025-05-27 14:11:42,857 middleware 11292 21000 API Request
WARNING 2025-05-27 14:11:42,867 basehttp 11292 21000 "POST /api/v1/users/search/ HTTP/1.1" 404 175
INFO 2025-05-27 14:11:55,247 middleware 11292 21000 API Request
WARNING 2025-05-27 14:11:55,252 basehttp 11292 21000 "POST /api/v1/users/search/ HTTP/1.1" 404 175
INFO 2025-05-27 14:12:18,212 middleware 11292 21000 API Request
WARNING 2025-05-27 14:12:18,216 basehttp 11292 21000 "POST /api/v1/users/search/ HTTP/1.1" 404 175
INFO 2025-05-27 14:15:03,616 middleware 11292 9640 API Request
WARNING 2025-05-27 14:15:03,621 basehttp 11292 9640 "POST /api/v1/users/search/ HTTP/1.1" 404 175
INFO 2025-05-27 14:19:52,193 middleware 11292 11968 API Request
WARNING 2025-05-27 14:19:52,197 basehttp 11292 11968 "GET /api/v1/verifications/ HTTP/1.1" 401 221
INFO 2025-05-27 14:21:13,804 middleware 11292 21148 API Request
INFO 2025-05-27 14:21:13,808 basehttp 11292 21148 "POST /api/v1/auth/login/ HTTP/1.1" 200 1092
ERROR 2025-05-27 14:22:53,439 log 11292 19652 Internal Server Error: /api/v1/verifications/
Traceback (most recent call last):
  File "C:\Users\durga\AppData\Roaming\Python\Python313\site-packages\django\core\handlers\exception.py", line 55, in inner
    response = get_response(request)
  File "C:\Users\durga\AppData\Roaming\Python\Python313\site-packages\django\core\handlers\base.py", line 197, in _get_response
    response = wrapped_callback(request, *callback_args, **callback_kwargs)
  File "C:\Users\durga\AppData\Roaming\Python\Python313\site-packages\django\views\decorators\csrf.py", line 65, in _view_wrapper
    return view_func(request, *args, **kwargs)
  File "C:\Users\durga\AppData\Roaming\Python\Python313\site-packages\rest_framework\viewsets.py", line 125, in view
    return self.dispatch(request, *args, **kwargs)
           ~~~~~~~~~~~~~^^^^^^^^^^^^^^^^^^^^^^^^^^
  File "C:\Users\durga\AppData\Roaming\Python\Python313\site-packages\rest_framework\views.py", line 515, in dispatch
    response = self.handle_exception(exc)
  File "C:\Users\durga\AppData\Roaming\Python\Python313\site-packages\rest_framework\views.py", line 475, in handle_exception
    self.raise_uncaught_exception(exc)
    ~~~~~~~~~~~~~~~~~~~~~~~~~~~~~^^^^^
  File "C:\Users\durga\AppData\Roaming\Python\Python313\site-packages\rest_framework\views.py", line 486, in raise_uncaught_exception
    raise exc
  File "C:\Users\durga\AppData\Roaming\Python\Python313\site-packages\rest_framework\views.py", line 512, in dispatch
    response = handler(request, *args, **kwargs)
  File "C:\Users\durga\AppData\Roaming\Python\Python313\site-packages\rest_framework\mixins.py", line 38, in list
    queryset = self.filter_queryset(self.get_queryset())
  File "C:\Users\durga\AppData\Roaming\Python\Python313\site-packages\rest_framework\generics.py", line 154, in filter_queryset
    queryset = backend().filter_queryset(self.request, queryset, self)
  File "C:\Users\durga\AppData\Roaming\Python\Python313\site-packages\rest_framework\filters.py", line 327, in filter_queryset
    return queryset.order_by(*ordering)
           ~~~~~~~~~~~~~~~~~^^^^^^^^^^^
  File "C:\Users\durga\AppData\Roaming\Python\Python313\site-packages\django\db\models\query.py", line 1718, in order_by
    obj.query.add_ordering(*field_names)
    ~~~~~~~~~~~~~~~~~~~~~~^^^^^^^^^^^^^^
  File "C:\Users\durga\AppData\Roaming\Python\Python313\site-packages\django\db\models\sql\query.py", line 2288, in add_ordering
    self.names_to_path(item.split(LOOKUP_SEP), self.model._meta)
    ~~~~~~~~~~~~~~~~~~^^^^^^^^^^^^^^^^^^^^^^^^^^^^^^^^^^^^^^^^^^
  File "C:\Users\durga\AppData\Roaming\Python\Python313\site-packages\django\db\models\sql\query.py", line 1802, in names_to_path
    raise FieldError(
    ...<2 lines>...
    )
django.core.exceptions.FieldError: Cannot resolve keyword 'submitted_at' into field. Choices are: created_at, document_back_url, document_number, document_type, document_url, expires_at, external_reference_id, id, metadata, rejection_reason, status, updated_at, user, user_id, verification_notes, verification_type, verified_at, verified_by, verified_by_id
INFO 2025-05-27 14:22:53,496 middleware 11292 19652 API Request
ERROR 2025-05-27 14:22:53,501 basehttp 11292 19652 "GET /api/v1/verifications/ HTTP/1.1" 500 135548
INFO 2025-05-27 14:25:07,348 autoreload 11292 15404 D:\durgas\Prbal-App\Prbal_backend\verification\views.py changed, reloading.
INFO 2025-05-27 14:25:16,624 autoreload 8620 856 Watching for file changes with StatReloader
INFO 2025-05-27 14:26:11,605 middleware 8620 2700 API Request
INFO 2025-05-27 14:26:11,620 basehttp 8620 2700 "GET /api/v1/verifications/ HTTP/1.1" 200 2
INFO 2025-05-27 14:34:11,248 middleware 8620 19928 API Request
INFO 2025-05-27 14:34:11,254 basehttp 8620 19928 "GET /api/v1/services/categories/ HTTP/1.1" 200 2
INFO 2025-05-27 15:43:58,298 autoreload 18276 3768 Watching for file changes with StatReloader
INFO 2025-05-27 15:47:31,892 autoreload 18276 3768 D:\durgas\Prbal-App\Prbal_backend\api\views.py changed, reloading.
INFO 2025-05-27 15:47:39,894 autoreload 3540 21344 Watching for file changes with StatReloader
INFO 2025-05-28 14:21:09,062 autoreload 17688 2144 Watching for file changes with StatReloader
INFO 2025-05-28 14:22:49,784 basehttp 17688 13892 "GET /health/ HTTP/1.1" 200 41
INFO 2025-05-28 14:24:18,126 basehttp 17688 18556 "GET /health/db/ HTTP/1.1" 200 32
INFO 2025-05-28 14:39:47,895 middleware 17688 16492 API Request
WARNING 2025-05-28 14:39:47,900 basehttp 17688 16492 "POST /api/v1/auth/register/ HTTP/1.1" 400 224
INFO 2025-05-28 14:52:20,029 middleware 17688 19424 API Request
WARNING 2025-05-28 14:52:20,039 basehttp 17688 19424 "POST /api/v1/auth/register/ HTTP/1.1" 400 223
INFO 2025-05-28 14:53:01,856 middleware 17688 19424 API Request
INFO 2025-05-28 14:53:01,859 basehttp 17688 19424 "POST /api/v1/auth/register/ HTTP/1.1" 201 1096
INFO 2025-05-28 14:53:53,699 middleware 17688 19424 API Request
INFO 2025-05-28 14:53:53,703 basehttp 17688 19424 "POST /api/v1/auth/login/ HTTP/1.1" 200 1089
INFO 2025-05-28 15:15:13,455 autoreload 17688 2144 D:\durgas\Prbal-App\Prbal_backend\api\views.py changed, reloading.
INFO 2025-05-28 15:15:18,647 autoreload 20340 17000 Watching for file changes with StatReloader
INFO 2025-05-28 15:18:54,834 autoreload 20340 17000 D:\durgas\Prbal-App\Prbal_backend\api\urls.py changed, reloading.
INFO 2025-05-28 15:19:01,547 autoreload 10764 5068 Watching for file changes with StatReloader
INFO 2025-05-28 15:19:11,569 autoreload 10764 5068 D:\durgas\Prbal-App\Prbal_backend\api\models.py changed, reloading.
INFO 2025-05-28 15:19:15,561 autoreload 19680 20312 Watching for file changes with StatReloader
INFO 2025-05-28 19:23:11,387 autoreload 20120 2844 Watching for file changes with StatReloader
INFO 2025-05-28 19:25:55,394 basehttp 20120 12552 "GET /health/ HTTP/1.1" 200 41
INFO 2025-05-28 19:31:23,438 basehttp 20120 19700 "GET /health/db/ HTTP/1.1" 200 32
INFO 2025-05-28 19:32:11,744 basehttp 20120 19700 "GET /swagger/ HTTP/1.1" 200 2212
INFO 2025-05-28 19:32:48,508 basehttp 20120 15356 "GET /swagger/ HTTP/1.1" 200 2212
INFO 2025-05-28 19:32:51,300 basehttp 20120 15356 "GET /static/drf-yasg/style.css HTTP/1.1" 200 1047
INFO 2025-05-28 19:32:51,339 basehttp 20120 15356 "GET /static/drf-yasg/swagger-ui-init.js HTTP/1.1" 200 15480
INFO 2025-05-28 19:32:52,008 basehttp 20120 16588 "GET /static/drf-yasg/swagger-ui-dist/swagger-ui-bundle.js HTTP/1.1" 200 1046583
INFO 2025-05-28 19:32:52,038 basehttp 20120 13628 "GET /static/drf-yasg/swagger-ui-dist/swagger-ui-standalone-preset.js HTTP/1.1" 200 322863
INFO 2025-05-28 19:32:52,146 basehttp 20120 4180 "GET /static/drf-yasg/swagger-ui-dist/swagger-ui.css HTTP/1.1" 200 145206
INFO 2025-05-28 19:32:52,260 basehttp 20120 1404 "GET /static/drf-yasg/immutable.min.js HTTP/1.1" 200 56904
INFO 2025-05-28 19:32:52,299 basehttp 20120 14616 "GET /static/drf-yasg/insQ.min.js HTTP/1.1" 200 2093
INFO 2025-05-28 19:32:58,724 basehttp 20120 1404 "GET /static/drf-yasg/swagger-ui-dist/favicon-32x32.png HTTP/1.1" 200 628
ERROR 2025-05-28 19:33:00,172 log 20120 14616 Internal Server Error: /swagger/
Traceback (most recent call last):
  File "D:\durgas\Prbal-App\Prbal_backend\abc\Lib\site-packages\django\core\handlers\exception.py", line 55, in inner
    response = get_response(request)
  File "D:\durgas\Prbal-App\Prbal_backend\abc\Lib\site-packages\django\core\handlers\base.py", line 197, in _get_response
    response = wrapped_callback(request, *callback_args, **callback_kwargs)
  File "D:\durgas\Prbal-App\Prbal_backend\abc\Lib\site-packages\django\views\decorators\csrf.py", line 65, in _view_wrapper
    return view_func(request, *args, **kwargs)
  File "D:\durgas\Prbal-App\Prbal_backend\abc\Lib\site-packages\django\views\generic\base.py", line 104, in view
    return self.dispatch(request, *args, **kwargs)
           ~~~~~~~~~~~~~^^^^^^^^^^^^^^^^^^^^^^^^^^
  File "D:\durgas\Prbal-App\Prbal_backend\abc\Lib\site-packages\rest_framework\views.py", line 515, in dispatch
    response = self.handle_exception(exc)
  File "D:\durgas\Prbal-App\Prbal_backend\abc\Lib\site-packages\rest_framework\views.py", line 475, in handle_exception
    self.raise_uncaught_exception(exc)
    ~~~~~~~~~~~~~~~~~~~~~~~~~~~~~^^^^^
  File "D:\durgas\Prbal-App\Prbal_backend\abc\Lib\site-packages\rest_framework\views.py", line 486, in raise_uncaught_exception
    raise exc
  File "D:\durgas\Prbal-App\Prbal_backend\abc\Lib\site-packages\rest_framework\views.py", line 512, in dispatch
    response = handler(request, *args, **kwargs)
  File "D:\durgas\Prbal-App\Prbal_backend\abc\Lib\site-packages\drf_yasg\views.py", line 112, in get
    schema = generator.get_schema(request, self.public)
  File "D:\durgas\Prbal-App\Prbal_backend\abc\Lib\site-packages\drf_yasg\generators.py", line 276, in get_schema
    paths, prefix = self.get_paths(endpoints, components, request, public)
                    ~~~~~~~~~~~~~~^^^^^^^^^^^^^^^^^^^^^^^^^^^^^^^^^^^^^^^^
  File "D:\durgas\Prbal-App\Prbal_backend\abc\Lib\site-packages\drf_yasg\generators.py", line 482, in get_paths
    operation = self.get_operation(view, path, prefix, method, components, request)
  File "D:\durgas\Prbal-App\Prbal_backend\abc\Lib\site-packages\drf_yasg\generators.py", line 524, in get_operation
    operation = view_inspector.get_operation(operation_keys)
  File "D:\durgas\Prbal-App\Prbal_backend\abc\Lib\site-packages\drf_yasg\inspectors\view.py", line 45, in get_operation
    responses = self.get_responses()
  File "D:\durgas\Prbal-App\Prbal_backend\abc\Lib\site-packages\drf_yasg\inspectors\view.py", line 180, in get_responses
    response_serializers = self.get_response_serializers()
  File "D:\durgas\Prbal-App\Prbal_backend\abc\Lib\site-packages\drf_yasg\inspectors\view.py", line 235, in get_response_serializers
    responses = self.get_default_responses()
  File "D:\durgas\Prbal-App\Prbal_backend\abc\Lib\site-packages\drf_yasg\inspectors\view.py", line 211, in get_default_responses
    default_schema = self.serializer_to_schema(default_schema) or ''
                     ~~~~~~~~~~~~~~~~~~~~~~~~~^^^^^^^^^^^^^^^^
  File "D:\durgas\Prbal-App\Prbal_backend\abc\Lib\site-packages\drf_yasg\inspectors\base.py", line 438, in serializer_to_schema
    return self.probe_inspectors(
           ~~~~~~~~~~~~~~~~~~~~~^
        self.field_inspectors, 'get_schema', serializer, {'field_inspectors': self.field_inspectors}
        ^^^^^^^^^^^^^^^^^^^^^^^^^^^^^^^^^^^^^^^^^^^^^^^^^^^^^^^^^^^^^^^^^^^^^^^^^^^^^^^^^^^^^^^^^^^^
    )
    ^
  File "D:\durgas\Prbal-App\Prbal_backend\abc\Lib\site-packages\drf_yasg\inspectors\base.py", line 110, in probe_inspectors
    result = method(obj, **kwargs)
  File "D:\durgas\Prbal-App\Prbal_backend\abc\Lib\site-packages\drf_yasg\inspectors\field.py", line 49, in get_schema
    return self.probe_field_inspectors(serializer, openapi.Schema, self.use_definitions)
           ~~~~~~~~~~~~~~~~~~~~~~~~~~~^^^^^^^^^^^^^^^^^^^^^^^^^^^^^^^^^^^^^^^^^^^^^^^^^^
  File "D:\durgas\Prbal-App\Prbal_backend\abc\Lib\site-packages\drf_yasg\inspectors\base.py", line 228, in probe_field_inspectors
    return self.probe_inspectors(
           ~~~~~~~~~~~~~~~~~~~~~^
        self.field_inspectors, 'field_to_swagger_object', field, {'field_inspectors': self.field_inspectors},
        ^^^^^^^^^^^^^^^^^^^^^^^^^^^^^^^^^^^^^^^^^^^^^^^^^^^^^^^^^^^^^^^^^^^^^^^^^^^^^^^^^^^^^^^^^^^^^^^^^^^^^
        swagger_object_type=swagger_object_type, use_references=use_references, **kwargs
        ^^^^^^^^^^^^^^^^^^^^^^^^^^^^^^^^^^^^^^^^^^^^^^^^^^^^^^^^^^^^^^^^^^^^^^^^^^^^^^^^
    )
    ^
  File "D:\durgas\Prbal-App\Prbal_backend\abc\Lib\site-packages\drf_yasg\inspectors\base.py", line 110, in probe_inspectors
    result = method(obj, **kwargs)
  File "D:\durgas\Prbal-App\Prbal_backend\abc\Lib\site-packages\drf_yasg\inspectors\field.py", line 140, in field_to_swagger_object
    actual_schema = definitions.setdefault(ref_name, make_schema_definition)
  File "D:\durgas\Prbal-App\Prbal_backend\abc\Lib\site-packages\drf_yasg\openapi.py", line 685, in setdefault
    ret = maker()
  File "D:\durgas\Prbal-App\Prbal_backend\abc\Lib\site-packages\drf_yasg\inspectors\field.py", line 109, in make_schema_definition
    for property_name, child in serializer.fields.items():
                                ^^^^^^^^^^^^^^^^^
  File "D:\durgas\Prbal-App\Prbal_backend\abc\Lib\site-packages\django\utils\functional.py", line 47, in __get__
    res = instance.__dict__[self.name] = self.func(instance)
                                         ~~~~~~~~~^^^^^^^^^^
  File "D:\durgas\Prbal-App\Prbal_backend\abc\Lib\site-packages\rest_framework\serializers.py", line 374, in fields
    for key, value in self.get_fields().items():
                      ~~~~~~~~~~~~~~~^^
  File "D:\durgas\Prbal-App\Prbal_backend\abc\Lib\site-packages\rest_framework\serializers.py", line 1105, in get_fields
    field_class, field_kwargs = self.build_field(
                                ~~~~~~~~~~~~~~~~^
        source, info, model, depth
        ^^^^^^^^^^^^^^^^^^^^^^^^^^
    )
    ^
  File "D:\durgas\Prbal-App\Prbal_backend\abc\Lib\site-packages\rest_framework\serializers.py", line 1251, in build_field
    return self.build_unknown_field(field_name, model_class)
           ~~~~~~~~~~~~~~~~~~~~~~~~^^^^^^^^^^^^^^^^^^^^^^^^^
  File "D:\durgas\Prbal-App\Prbal_backend\abc\Lib\site-packages\rest_framework\serializers.py", line 1369, in build_unknown_field
    raise ImproperlyConfigured(
    ...<2 lines>...
    )
django.core.exceptions.ImproperlyConfigured: Field name `image` is not valid for model `Service` in `sync.serializers.ServiceSyncSerializer`.
ERROR 2025-05-28 19:33:00,382 basehttp 20120 14616 "GET /swagger/?format=openapi HTTP/1.1" 500 250321
INFO 2025-05-28 19:33:38,088 basehttp 20120 8572 "GET /redoc/ HTTP/1.1" 200 926
INFO 2025-05-28 19:34:08,841 basehttp 20120 8572 "GET /redoc/ HTTP/1.1" 200 926
INFO 2025-05-29 19:39:45,289 autoreload 5828 2460 Watching for file changes with StatReloader
INFO 2025-05-29 19:40:46,129 middleware 5828 9616 API Request
WARNING 2025-05-29 19:40:46,135 basehttp 5828 9616 "POST /api/token/ HTTP/1.1" 401 105
INFO 2025-05-29 19:41:36,428 middleware 5828 9616 API Request
WARNING 2025-05-29 19:41:36,435 basehttp 5828 9616 "POST /api/v1/auth/register/ HTTP/1.1" 400 147
INFO 2025-05-29 19:42:02,110 middleware 5828 9616 API Request
WARNING 2025-05-29 19:42:02,114 basehttp 5828 9616 "POST /api/v1/auth/register/ HTTP/1.1" 400 89
ERROR 2025-05-29 19:42:25,115 log 5828 9616 Internal Server Error: /api/v1/auth/register/
Traceback (most recent call last):
  File "C:\Users\durga\AppData\Roaming\Python\Python313\site-packages\django\db\backends\utils.py", line 105, in _execute
    return self.cursor.execute(sql, params)
           ~~~~~~~~~~~~~~~~~~~^^^^^^^^^^^^^
psycopg2.errors.UniqueViolation: duplicate key value violates unique constraint "users_user_phone_number_aff54ffd_uniq"
DETAIL:  Key (phone_number)=() already exists.


The above exception was the direct cause of the following exception:

Traceback (most recent call last):
  File "C:\Users\durga\AppData\Roaming\Python\Python313\site-packages\django\core\handlers\exception.py", line 55, in inner
    response = get_response(request)
  File "C:\Users\durga\AppData\Roaming\Python\Python313\site-packages\django\core\handlers\base.py", line 197, in _get_response
    response = wrapped_callback(request, *callback_args, **callback_kwargs)
  File "C:\Users\durga\AppData\Roaming\Python\Python313\site-packages\django\views\decorators\csrf.py", line 65, in _view_wrapper
    return view_func(request, *args, **kwargs)
  File "C:\Users\durga\AppData\Roaming\Python\Python313\site-packages\django\views\generic\base.py", line 104, in view
    return self.dispatch(request, *args, **kwargs)
           ~~~~~~~~~~~~~^^^^^^^^^^^^^^^^^^^^^^^^^^
  File "C:\Users\durga\AppData\Roaming\Python\Python313\site-packages\rest_framework\views.py", line 515, in dispatch
    response = self.handle_exception(exc)
  File "C:\Users\durga\AppData\Roaming\Python\Python313\site-packages\rest_framework\views.py", line 475, in handle_exception
    self.raise_uncaught_exception(exc)
    ~~~~~~~~~~~~~~~~~~~~~~~~~~~~~^^^^^
  File "C:\Users\durga\AppData\Roaming\Python\Python313\site-packages\rest_framework\views.py", line 486, in raise_uncaught_exception
    raise exc
  File "C:\Users\durga\AppData\Roaming\Python\Python313\site-packages\rest_framework\views.py", line 512, in dispatch
    response = handler(request, *args, **kwargs)
  File "D:\durgas\Prbal-App\Prbal_backend\users\views.py", line 36, in post
    user = serializer.save()
  File "C:\Users\durga\AppData\Roaming\Python\Python313\site-packages\rest_framework\serializers.py", line 210, in save
    self.instance = self.create(validated_data)
                    ~~~~~~~~~~~^^^^^^^^^^^^^^^^
  File "D:\durgas\Prbal-App\Prbal_backend\users\serializers.py", line 39, in create
    user = User.objects.create_user(
        username=validated_data['username'],
    ...<5 lines>...
        phone_number=validated_data.get('phone_number', '')
    )
  File "C:\Users\durga\AppData\Roaming\Python\Python313\site-packages\django\contrib\auth\models.py", line 175, in create_user
    return self._create_user(username, email, password, **extra_fields)
           ~~~~~~~~~~~~~~~~~^^^^^^^^^^^^^^^^^^^^^^^^^^^^^^^^^^^^^^^^^^^
  File "C:\Users\durga\AppData\Roaming\Python\Python313\site-packages\django\contrib\auth\models.py", line 163, in _create_user
    user.save(using=self._db)
    ~~~~~~~~~^^^^^^^^^^^^^^^^
  File "C:\Users\durga\AppData\Roaming\Python\Python313\site-packages\django\contrib\auth\base_user.py", line 65, in save
    super().save(*args, **kwargs)
    ~~~~~~~~~~~~^^^^^^^^^^^^^^^^^
  File "C:\Users\durga\AppData\Roaming\Python\Python313\site-packages\django\db\models\base.py", line 902, in save
    self.save_base(
    ~~~~~~~~~~~~~~^
        using=using,
        ^^^^^^^^^^^^
    ...<2 lines>...
        update_fields=update_fields,
        ^^^^^^^^^^^^^^^^^^^^^^^^^^^^
    )
    ^
  File "C:\Users\durga\AppData\Roaming\Python\Python313\site-packages\django\db\models\base.py", line 1008, in save_base
    updated = self._save_table(
        raw,
    ...<4 lines>...
        update_fields,
    )
  File "C:\Users\durga\AppData\Roaming\Python\Python313\site-packages\django\db\models\base.py", line 1169, in _save_table
    results = self._do_insert(
        cls._base_manager, using, fields, returning_fields, raw
    )
  File "C:\Users\durga\AppData\Roaming\Python\Python313\site-packages\django\db\models\base.py", line 1210, in _do_insert
    return manager._insert(
           ~~~~~~~~~~~~~~~^
        [self],
        ^^^^^^^
    ...<3 lines>...
        raw=raw,
        ^^^^^^^^
    )
    ^
  File "C:\Users\durga\AppData\Roaming\Python\Python313\site-packages\django\db\models\manager.py", line 87, in manager_method
    return getattr(self.get_queryset(), name)(*args, **kwargs)
           ~~~~~~~~~~~~~~~~~~~~~~~~~~~~~~~~~~^^^^^^^^^^^^^^^^^
  File "C:\Users\durga\AppData\Roaming\Python\Python313\site-packages\django\db\models\query.py", line 1864, in _insert
    return query.get_compiler(using=using).execute_sql(returning_fields)
           ~~~~~~~~~~~~~~~~~~~~~~~~~~~~~~~~~~~~~~~~~~~^^^^^^^^^^^^^^^^^^
  File "C:\Users\durga\AppData\Roaming\Python\Python313\site-packages\django\db\models\sql\compiler.py", line 1882, in execute_sql
    cursor.execute(sql, params)
    ~~~~~~~~~~~~~~^^^^^^^^^^^^^
  File "C:\Users\durga\AppData\Roaming\Python\Python313\site-packages\django\db\backends\utils.py", line 122, in execute
    return super().execute(sql, params)
           ~~~~~~~~~~~~~~~^^^^^^^^^^^^^
  File "C:\Users\durga\AppData\Roaming\Python\Python313\site-packages\django\db\backends\utils.py", line 79, in execute
    return self._execute_with_wrappers(
           ~~~~~~~~~~~~~~~~~~~~~~~~~~~^
        sql, params, many=False, executor=self._execute
        ^^^^^^^^^^^^^^^^^^^^^^^^^^^^^^^^^^^^^^^^^^^^^^^
    )
    ^
  File "C:\Users\durga\AppData\Roaming\Python\Python313\site-packages\django\db\backends\utils.py", line 92, in _execute_with_wrappers
    return executor(sql, params, many, context)
  File "C:\Users\durga\AppData\Roaming\Python\Python313\site-packages\django\db\backends\utils.py", line 100, in _execute
    with self.db.wrap_database_errors:
         ^^^^^^^^^^^^^^^^^^^^^^^^^^^^
  File "C:\Users\durga\AppData\Roaming\Python\Python313\site-packages\django\db\utils.py", line 91, in __exit__
    raise dj_exc_value.with_traceback(traceback) from exc_value
  File "C:\Users\durga\AppData\Roaming\Python\Python313\site-packages\django\db\backends\utils.py", line 105, in _execute
    return self.cursor.execute(sql, params)
           ~~~~~~~~~~~~~~~~~~~^^^^^^^^^^^^^
django.db.utils.IntegrityError: duplicate key value violates unique constraint "users_user_phone_number_aff54ffd_uniq"
DETAIL:  Key (phone_number)=() already exists.

INFO 2025-05-29 19:42:25,223 middleware 5828 9616 API Request
ERROR 2025-05-29 19:42:25,228 basehttp 5828 9616 "POST /api/v1/auth/register/ HTTP/1.1" 500 226848
INFO 2025-05-29 19:48:21,186 autoreload 5828 2460 D:\durgas\Prbal-App\Prbal_backend\users\views.py changed, reloading.
INFO 2025-05-29 19:48:41,829 autoreload 14072 16692 Watching for file changes with StatReloader
INFO 2025-05-29 19:49:32,005 autoreload 14072 16692 D:\durgas\Prbal-App\Prbal_backend\users\views.py changed, reloading.
INFO 2025-05-29 19:49:44,426 autoreload 17420 17040 Watching for file changes with StatReloader
INFO 2025-05-29 19:52:18,323 autoreload 17420 17040 D:\durgas\Prbal-App\Prbal_backend\users\views.py changed, reloading.
INFO 2025-05-29 19:52:34,264 autoreload 17540 3700 Watching for file changes with StatReloader
INFO 2025-05-29 19:58:30,841 autoreload 17540 3700 D:\durgas\Prbal-App\Prbal_backend\users\views.py changed, reloading.
INFO 2025-05-29 19:58:40,562 autoreload 6884 5736 Watching for file changes with StatReloader
INFO 2025-05-29 19:59:24,171 autoreload 6884 5736 D:\durgas\Prbal-App\Prbal_backend\users\views.py changed, reloading.
INFO 2025-05-29 19:59:30,795 autoreload 6800 13676 Watching for file changes with StatReloader
INFO 2025-05-29 20:04:04,454 autoreload 6800 13676 D:\durgas\Prbal-App\Prbal_backend\users\views.py changed, reloading.
INFO 2025-05-29 20:04:21,799 autoreload 10996 16940 Watching for file changes with StatReloader
INFO 2025-05-29 20:05:02,807 autoreload 10996 16940 D:\durgas\Prbal-App\Prbal_backend\users\views.py changed, reloading.
INFO 2025-05-29 20:05:14,387 autoreload 12516 14976 Watching for file changes with StatReloader
INFO 2025-05-29 20:05:53,734 autoreload 12516 14976 D:\durgas\Prbal-App\Prbal_backend\users\views.py changed, reloading.
INFO 2025-05-29 20:06:02,596 autoreload 16688 3576 Watching for file changes with StatReloader
INFO 2025-05-29 20:07:03,940 autoreload 16688 3576 D:\durgas\Prbal-App\Prbal_backend\users\views.py changed, reloading.
INFO 2025-05-29 20:07:12,587 autoreload 5516 17684 Watching for file changes with StatReloader
INFO 2025-05-30 01:36:15,912 autoreload 14516 20700 Watching for file changes with StatReloader
INFO 2025-05-30 01:37:27,107 middleware 14516 18880 API Request
WARNING 2025-05-30 01:37:27,113 basehttp 14516 18880 "POST /api/token/ HTTP/1.1" 401 105
INFO 2025-05-30 01:38:04,948 middleware 14516 18880 API Request
WARNING 2025-05-30 01:38:04,952 basehttp 14516 18880 "POST /api/v1/auth/register/ HTTP/1.1" 400 148
WARNING 2025-05-30 01:38:52,683 views 14516 18880 Registration IntegrityError for newcustomer@example.com: duplicate key value violates unique constraint "users_user_phone_number_aff54ffd_uniq"
DETAIL:  Key (phone_number)=() already exists.

INFO 2025-05-30 01:38:52,688 middleware 14516 18880 API Request
WARNING 2025-05-30 01:38:52,692 basehttp 14516 18880 "POST /api/v1/auth/register/ HTTP/1.1" 400 122
INFO 2025-06-01 02:16:49,263 autoreload 3656 14644 Watching for file changes with StatReloader
INFO 2025-06-01 03:35:58,800 autoreload 2780 17056 Watching for file changes with StatReloader
INFO 2025-06-01 04:30:27,902 middleware 2780 12400 API Request
WARNING 2025-06-01 04:30:27,935 basehttp 2780 12400 "POST /api/v1/auth/register/ HTTP/1.1" 400 106
ERROR 2025-06-01 04:30:50,415 views 2780 12400 Registration DatabaseError for generic@example.com: column "search_vector" of relation "users_user" does not exist
LINE 1: ...ferences", "balance", "created_at", "updated_at", "search_ve...
                                                             ^
Traceback (most recent call last):
  File "C:\Users\durga\AppData\Roaming\Python\Python313\site-packages\django\db\backends\utils.py", line 105, in _execute
    return self.cursor.execute(sql, params)
           ~~~~~~~~~~~~~~~~~~~^^^^^^^^^^^^^
psycopg2.errors.UndefinedColumn: column "search_vector" of relation "users_user" does not exist
LINE 1: ...ferences", "balance", "created_at", "updated_at", "search_ve...
                                                             ^


The above exception was the direct cause of the following exception:

Traceback (most recent call last):
  File "D:\durgas\Prbal-App\Prbal_backend\users\views.py", line 86, in post
    user = serializer.save()
  File "C:\Users\durga\AppData\Roaming\Python\Python313\site-packages\rest_framework\serializers.py", line 210, in save
    self.instance = self.create(validated_data)
                    ~~~~~~~~~~~^^^^^^^^^^^^^^^^
  File "D:\durgas\Prbal-App\Prbal_backend\users\serializers.py", line 39, in create
    user = User.objects.create_user(
        username=validated_data['username'],
    ...<5 lines>...
        phone_number=validated_data.get('phone_number', '')
    )
  File "C:\Users\durga\AppData\Roaming\Python\Python313\site-packages\django\contrib\auth\models.py", line 175, in create_user
    return self._create_user(username, email, password, **extra_fields)
           ~~~~~~~~~~~~~~~~~^^^^^^^^^^^^^^^^^^^^^^^^^^^^^^^^^^^^^^^^^^^
  File "C:\Users\durga\AppData\Roaming\Python\Python313\site-packages\django\contrib\auth\models.py", line 163, in _create_user
    user.save(using=self._db)
    ~~~~~~~~~^^^^^^^^^^^^^^^^
  File "C:\Users\durga\AppData\Roaming\Python\Python313\site-packages\django\contrib\auth\base_user.py", line 65, in save
    super().save(*args, **kwargs)
    ~~~~~~~~~~~~^^^^^^^^^^^^^^^^^
  File "C:\Users\durga\AppData\Roaming\Python\Python313\site-packages\django\db\models\base.py", line 902, in save
    self.save_base(
    ~~~~~~~~~~~~~~^
        using=using,
        ^^^^^^^^^^^^
    ...<2 lines>...
        update_fields=update_fields,
        ^^^^^^^^^^^^^^^^^^^^^^^^^^^^
    )
    ^
  File "C:\Users\durga\AppData\Roaming\Python\Python313\site-packages\django\db\models\base.py", line 1008, in save_base
    updated = self._save_table(
        raw,
    ...<4 lines>...
        update_fields,
    )
  File "C:\Users\durga\AppData\Roaming\Python\Python313\site-packages\django\db\models\base.py", line 1169, in _save_table
    results = self._do_insert(
        cls._base_manager, using, fields, returning_fields, raw
    )
  File "C:\Users\durga\AppData\Roaming\Python\Python313\site-packages\django\db\models\base.py", line 1210, in _do_insert
    return manager._insert(
           ~~~~~~~~~~~~~~~^
        [self],
        ^^^^^^^
    ...<3 lines>...
        raw=raw,
        ^^^^^^^^
    )
    ^
  File "C:\Users\durga\AppData\Roaming\Python\Python313\site-packages\django\db\models\manager.py", line 87, in manager_method
    return getattr(self.get_queryset(), name)(*args, **kwargs)
           ~~~~~~~~~~~~~~~~~~~~~~~~~~~~~~~~~~^^^^^^^^^^^^^^^^^
  File "C:\Users\durga\AppData\Roaming\Python\Python313\site-packages\django\db\models\query.py", line 1864, in _insert
    return query.get_compiler(using=using).execute_sql(returning_fields)
           ~~~~~~~~~~~~~~~~~~~~~~~~~~~~~~~~~~~~~~~~~~~^^^^^^^^^^^^^^^^^^
  File "C:\Users\durga\AppData\Roaming\Python\Python313\site-packages\django\db\models\sql\compiler.py", line 1882, in execute_sql
    cursor.execute(sql, params)
    ~~~~~~~~~~~~~~^^^^^^^^^^^^^
  File "C:\Users\durga\AppData\Roaming\Python\Python313\site-packages\django\db\backends\utils.py", line 122, in execute
    return super().execute(sql, params)
           ~~~~~~~~~~~~~~~^^^^^^^^^^^^^
  File "C:\Users\durga\AppData\Roaming\Python\Python313\site-packages\django\db\backends\utils.py", line 79, in execute
    return self._execute_with_wrappers(
           ~~~~~~~~~~~~~~~~~~~~~~~~~~~^
        sql, params, many=False, executor=self._execute
        ^^^^^^^^^^^^^^^^^^^^^^^^^^^^^^^^^^^^^^^^^^^^^^^
    )
    ^
  File "C:\Users\durga\AppData\Roaming\Python\Python313\site-packages\django\db\backends\utils.py", line 92, in _execute_with_wrappers
    return executor(sql, params, many, context)
  File "C:\Users\durga\AppData\Roaming\Python\Python313\site-packages\django\db\backends\utils.py", line 100, in _execute
    with self.db.wrap_database_errors:
         ^^^^^^^^^^^^^^^^^^^^^^^^^^^^
  File "C:\Users\durga\AppData\Roaming\Python\Python313\site-packages\django\db\utils.py", line 91, in __exit__
    raise dj_exc_value.with_traceback(traceback) from exc_value
  File "C:\Users\durga\AppData\Roaming\Python\Python313\site-packages\django\db\backends\utils.py", line 105, in _execute
    return self.cursor.execute(sql, params)
           ~~~~~~~~~~~~~~~~~~~^^^^^^^^^^^^^
django.db.utils.ProgrammingError: column "search_vector" of relation "users_user" does not exist
LINE 1: ...ferences", "balance", "created_at", "updated_at", "search_ve...
                                                             ^

INFO 2025-06-01 04:30:50,616 middleware 2780 12400 API Request
ERROR 2025-06-01 04:30:50,620 log 2780 12400 Internal Server Error: /api/v1/auth/register/
ERROR 2025-06-01 04:30:50,625 basehttp 2780 12400 "POST /api/v1/auth/register/ HTTP/1.1" 500 125
INFO 2025-06-01 04:35:05,084 autoreload 2780 17056 D:\durgas\Prbal-App\Prbal_backend\users\models.py changed, reloading.
INFO 2025-06-01 04:35:27,788 autoreload 15824 11312 Watching for file changes with StatReloader
INFO 2025-06-01 05:34:22,111 autoreload 6836 21388 Watching for file changes with StatReloader
INFO 2025-06-01 05:34:58,406 middleware 6836 8964 API Request
INFO 2025-06-01 05:34:58,410 basehttp 6836 8964 "POST /api/v1/auth/register/ HTTP/1.1" 201 1110
INFO 2025-06-01 05:39:40,498 middleware 6836 12368 API Request
WARNING 2025-06-01 05:39:40,502 basehttp 6836 12368 "POST /api/v1/auth/customer/register/ HTTP/1.1" 400 105
INFO 2025-06-01 05:40:12,795 middleware 6836 12368 API Request
INFO 2025-06-01 05:40:12,798 basehttp 6836 12368 "POST /api/v1/auth/provider/register/ HTTP/1.1" 201 1112
INFO 2025-06-01 05:40:41,561 middleware 6836 12368 API Request
WARNING 2025-06-01 05:40:41,564 basehttp 6836 12368 "POST /api/v1/auth/admin/register/ HTTP/1.1" 400 83
INFO 2025-06-01 05:41:46,625 middleware 6836 12368 API Request
INFO 2025-06-01 05:41:46,628 basehttp 6836 12368 "POST /api/v1/auth/admin/register/ HTTP/1.1" 201 1101
WARNING 2025-06-01 05:46:33,573 views 6836 5304 Login attempt failed for customer@example.com: {'non_field_errors': [ErrorDetail(string='Unable to log in with provided credentials.', code='invalid')]}
INFO 2025-06-01 05:46:33,577 middleware 6836 5304 API Request
WARNING 2025-06-01 05:46:33,580 basehttp 6836 5304 "POST /api/v1/auth/login/ HTTP/1.1" 400 109
INFO 2025-06-01 05:48:10,764 middleware 6836 19200 API Request
WARNING 2025-06-01 05:48:10,767 basehttp 6836 19200 "POST /api/v1/auth/customer/register/ HTTP/1.1" 400 105
INFO 2025-06-01 05:48:25,208 middleware 6836 19200 API Request
INFO 2025-06-01 05:48:25,212 basehttp 6836 19200 "POST /api/v1/auth/customer/register/ HTTP/1.1" 201 1111
INFO 2025-06-01 05:48:46,074 middleware 6836 19200 API Request
INFO 2025-06-01 05:48:46,077 basehttp 6836 19200 "POST /api/v1/auth/customer/login/ HTTP/1.1" 200 1104
INFO 2025-06-01 05:49:11,877 middleware 6836 19200 API Request
INFO 2025-06-01 05:49:11,881 basehttp 6836 19200 "POST /api/v1/auth/provider/login/ HTTP/1.1" 200 1104
INFO 2025-06-01 05:49:48,680 middleware 6836 19200 API Request
INFO 2025-06-01 05:49:48,684 basehttp 6836 19200 "POST /api/v1/auth/admin/login/ HTTP/1.1" 200 1094
INFO 2025-06-01 05:50:17,998 middleware 6836 19200 API Request
INFO 2025-06-01 05:50:18,001 basehttp 6836 19200 "POST /api/v1/auth/token/refresh/ HTTP/1.1" 200 331
INFO 2025-06-01 05:51:02,146 middleware 6836 19200 API Request
WARNING 2025-06-01 05:51:02,150 basehttp 6836 19200 "POST /api/v1/auth/logout/ HTTP/1.1" 401 148
INFO 2025-06-01 05:51:25,722 views 6836 19200 User 3d6a52d2-82c0-43be-8edc-b4c66ea18423 logged out successfully (refresh token blacklisted).
INFO 2025-06-01 05:51:25,725 middleware 6836 19200 API Request
INFO 2025-06-01 05:51:25,728 basehttp 6836 19200 "POST /api/v1/auth/logout/ HTTP/1.1" 200 78
INFO 2025-06-01 06:01:48,941 autoreload 6836 21388 D:\durgas\Prbal-App\Prbal_backend\users\models.py changed, reloading.
INFO 2025-06-01 06:02:02,762 autoreload 10092 20192 Watching for file changes with StatReloader
INFO 2025-06-01 06:02:28,498 autoreload 10092 20192 D:\durgas\Prbal-App\Prbal_backend\users\admin.py changed, reloading.
INFO 2025-06-01 06:02:41,224 autoreload 8200 18848 Watching for file changes with StatReloader
INFO 2025-06-01 06:10:57,429 autoreload 16460 14236 Watching for file changes with StatReloader
INFO 2025-06-01 06:48:51,584 middleware 16460 16560 API Request
INFO 2025-06-01 06:48:51,591 basehttp 16460 16560 "POST /api/v1/auth/login/ HTTP/1.1" 200 1104
INFO 2025-06-01 06:49:46,663 middleware 16460 2544 API Request
INFO 2025-06-01 06:49:46,667 basehttp 16460 2544 "POST /api/v1/auth/token/refresh/ HTTP/1.1" 200 331
INFO 2025-06-01 06:50:32,997 middleware 16460 2544 API Request
INFO 2025-06-01 06:50:33,008 basehttp 16460 2544 "GET /api/v1/users/me/tokens/ HTTP/1.1" 200 426
ERROR 2025-06-01 06:53:30,914 views 16460 10072 Error revoking token 550e8400-e29b-41d4-a716-446655440000 for user b5c35bdf-d935-4da8-a389-d3361f69c2c8: No AccessToken matches the given query.
Traceback (most recent call last):
  File "C:\Users\durga\AppData\Roaming\Python\Python313\site-packages\django\shortcuts.py", line 90, in get_object_or_404
    return queryset.get(*args, **kwargs)
           ~~~~~~~~~~~~^^^^^^^^^^^^^^^^^
  File "C:\Users\durga\AppData\Roaming\Python\Python313\site-packages\django\db\models\query.py", line 633, in get
    raise self.model.DoesNotExist(
        "%s matching query does not exist." % self.model._meta.object_name
    )
users.models.AccessToken.DoesNotExist: AccessToken matching query does not exist.

During handling of the above exception, another exception occurred:

Traceback (most recent call last):
  File "D:\durgas\Prbal-App\Prbal_backend\users\views.py", line 72, in post
    token = get_object_or_404(AccessToken, id=token_id, user=request.user)
  File "C:\Users\durga\AppData\Roaming\Python\Python313\site-packages\django\shortcuts.py", line 92, in get_object_or_404
    raise Http404(
        "No %s matches the given query." % queryset.model._meta.object_name
    )
django.http.response.Http404: No AccessToken matches the given query.
INFO 2025-06-01 06:53:30,956 middleware 16460 10072 API Request
ERROR 2025-06-01 06:53:30,962 log 16460 10072 Internal Server Error: /api/v1/users/me/tokens/550e8400-e29b-41d4-a716-446655440000/revoke/
ERROR 2025-06-01 06:53:30,997 basehttp 16460 10072 "POST /api/v1/users/me/tokens/550e8400-e29b-41d4-a716-446655440000/revoke/ HTTP/1.1" 500 97
INFO 2025-06-01 06:55:32,559 middleware 16460 14544 API Request
INFO 2025-06-01 06:55:32,565 basehttp 16460 14544 "POST /api/v1/users/me/tokens/77768196-461e-4aa9-9291-07b54abc2a5c/revoke/ HTTP/1.1" 200 133
INFO 2025-06-01 06:58:14,247 middleware 16460 5440 API Request
INFO 2025-06-01 06:58:14,251 basehttp 16460 5440 "GET /api/v1/users/me/ HTTP/1.1" 200 456
WARNING 2025-06-01 06:58:36,569 views 16460 5440 User profile update validation failed for user b5c35bdf-d935-4da8-a389-d3361f69c2c8: {'profile_picture': [ErrorDetail(string='The submitted data was not a file. Check the encoding type on the form.', code='invalid')]}
INFO 2025-06-01 06:58:36,573 middleware 16460 5440 API Request
WARNING 2025-06-01 06:58:36,577 basehttp 16460 5440 "PUT /api/v1/users/me/ HTTP/1.1" 400 136
WARNING 2025-06-01 07:01:32,995 views 16460 4088 User profile update validation failed for user b5c35bdf-d935-4da8-a389-d3361f69c2c8: {'profile_picture': [ErrorDetail(string='The submitted data was not a file. Check the encoding type on the form.', code='invalid')]}
INFO 2025-06-01 07:01:33,000 middleware 16460 4088 API Request
WARNING 2025-06-01 07:01:33,004 basehttp 16460 4088 "PUT /api/v1/users/me/ HTTP/1.1" 400 136
WARNING 2025-06-01 07:04:27,971 views 16460 12020 User profile update validation failed for user b5c35bdf-d935-4da8-a389-d3361f69c2c8: {'profile_picture': [ErrorDetail(string='The submitted data was not a file. Check the encoding type on the form.', code='invalid')]}
INFO 2025-06-01 07:04:27,974 middleware 16460 12020 API Request
WARNING 2025-06-01 07:04:27,977 basehttp 16460 12020 "PUT /api/v1/users/me/ HTTP/1.1" 400 136
INFO 2025-06-01 07:22:47,799 middleware 16460 7268 API Request
INFO 2025-06-01 07:22:47,806 basehttp 16460 7268 "PATCH /api/v1/users/me/ HTTP/1.1" 200 557
INFO 2025-06-01 07:23:02,115 middleware 16460 7268 API Request
INFO 2025-06-01 07:23:02,121 basehttp 16460 7268 "PUT /api/v1/users/me/ HTTP/1.1" 200 592
INFO 2025-06-01 07:23:11,384 basehttp 16460 20036 "GET /media/profile_pictures/openart-83164bd188024f41ad12439c3d89e3bf_raw.jpg HTTP/1.1" 200 1445579
WARNING 2025-06-01 07:23:17,652 basehttp 16460 20036 "GET /favicon.ico HTTP/1.1" 404 6083
INFO 2025-06-01 07:23:58,107 middleware 16460 7268 API Request
INFO 2025-06-01 07:23:58,118 basehttp 16460 7268 "POST /api/v1/users/me/avatar/ HTTP/1.1" 200 573
WARNING 2025-06-01 07:24:56,342 views 16460 7268 User b5c35bdf-d935-4da8-a389-d3361f69c2c8 attempted profile image upload without providing a file.
INFO 2025-06-01 07:24:56,345 middleware 16460 7268 API Request
WARNING 2025-06-01 07:24:56,348 basehttp 16460 7268 "POST /api/v1/users/profile/image/ HTTP/1.1" 400 74
WARNING 2025-06-01 07:26:03,570 views 16460 3896 User b5c35bdf-d935-4da8-a389-d3361f69c2c8 attempted profile image upload without providing a file.
INFO 2025-06-01 07:26:03,575 middleware 16460 3896 API Request
WARNING 2025-06-01 07:26:03,579 basehttp 16460 3896 "POST /api/v1/users/profile/image/ HTTP/1.1" 400 75
INFO 2025-06-01 10:33:11,867 autoreload 18452 18492 Watching for file changes with StatReloader
INFO 2025-06-01 10:36:46,702 middleware 18452 19804 API Request
INFO 2025-06-01 10:36:46,707 basehttp 18452 19804 "POST /api/v1/auth/login/ HTTP/1.1" 200 1222
WARNING 2025-06-01 10:37:23,962 views 18452 19804 User b5c35bdf-d935-4da8-a389-d3361f69c2c8 attempted to upload an avatar exceeding size limit: 2169002 bytes.
INFO 2025-06-01 10:37:24,066 middleware 18452 19804 API Request
WARNING 2025-06-01 10:37:24,145 basehttp 18452 19804 "POST /api/v1/users/me/avatar/ HTTP/1.1" 400 88
INFO 2025-06-01 10:38:00,498 middleware 18452 19804 API Request
INFO 2025-06-01 10:38:00,513 basehttp 18452 19804 "POST /api/v1/users/me/avatar/ HTTP/1.1" 200 573
WARNING 2025-06-01 10:38:39,526 views 18452 19804 User b5c35bdf-d935-4da8-a389-d3361f69c2c8 attempted profile image upload without providing a file.
INFO 2025-06-01 10:38:39,528 middleware 18452 19804 API Request
WARNING 2025-06-01 10:38:39,532 basehttp 18452 19804 "POST /api/v1/users/profile/image/ HTTP/1.1" 400 74
WARNING 2025-06-01 10:39:13,927 views 18452 19804 User b5c35bdf-d935-4da8-a389-d3361f69c2c8 attempted profile image upload without providing a file.
INFO 2025-06-01 10:39:13,940 middleware 18452 19804 API Request
WARNING 2025-06-01 10:39:13,954 basehttp 18452 19804 "POST /api/v1/users/profile/image/ HTTP/1.1" 400 74
INFO 2025-06-01 10:41:47,281 views 18452 5096 User b5c35bdf-d935-4da8-a389-d3361f69c2c8 (genericuser_updated) deactivated their account.
INFO 2025-06-01 10:41:47,284 middleware 18452 5096 API Request
INFO 2025-06-01 10:41:47,287 basehttp 18452 5096 "POST /api/v1/users/me/deactivate/ HTTP/1.1" 200 88
WARNING 2025-06-01 10:42:09,611 views 18452 5096 Login attempt failed for customer@example.com: {'non_field_errors': [ErrorDetail(string='Unable to log in with provided credentials.', code='invalid')]}
INFO 2025-06-01 10:42:09,618 middleware 18452 5096 API Request
WARNING 2025-06-01 10:42:09,629 basehttp 18452 5096 "POST /api/v1/auth/login/ HTTP/1.1" 400 110
INFO 2025-06-01 10:42:29,600 middleware 18452 5096 API Request
WARNING 2025-06-01 10:42:29,603 basehttp 18452 5096 "POST /api/v1/auth/register/ HTTP/1.1" 400 158
INFO 2025-06-01 10:43:25,419 middleware 18452 5096 API Request
INFO 2025-06-01 10:43:25,427 basehttp 18452 5096 "POST /api/v1/auth/register/ HTTP/1.1" 201 1112
INFO 2025-06-01 10:44:11,643 middleware 18452 5096 API Request
WARNING 2025-06-01 10:44:11,647 basehttp 18452 5096 "POST /api/v1/auth/register/ HTTP/1.1" 400 223
INFO 2025-06-01 10:44:31,223 middleware 18452 5096 API Request
WARNING 2025-06-01 10:44:31,226 basehttp 18452 5096 "POST /api/v1/auth/register/ HTTP/1.1" 400 223
INFO 2025-06-01 10:44:49,710 middleware 18452 5096 API Request
WARNING 2025-06-01 10:44:49,714 basehttp 18452 5096 "POST /api/v1/auth/register/ HTTP/1.1" 400 105
INFO 2025-06-01 10:45:31,480 middleware 18452 5096 API Request
WARNING 2025-06-01 10:45:31,485 basehttp 18452 5096 "POST /api/v1/auth/register/ HTTP/1.1" 400 105
INFO 2025-06-01 10:45:50,368 middleware 18452 5096 API Request
INFO 2025-06-01 10:45:50,372 basehttp 18452 5096 "POST /api/v1/auth/register/ HTTP/1.1" 201 1114
INFO 2025-06-01 10:52:31,753 middleware 18452 3332 API Request
INFO 2025-06-01 10:52:31,764 basehttp 18452 3332 "GET /api/v1/users/1c946756-ba30-4aaa-96fd-1d7d07517bc4/ HTTP/1.1" 200 329
INFO 2025-06-01 10:52:50,553 middleware 18452 3332 API Request
WARNING 2025-06-01 10:52:50,563 basehttp 18452 3332 "POST /api/v1/users/1c946756-ba30-4aaa-96fd-1d7d07517bc4/like/ HTTP/1.1" 400 86
INFO 2025-06-01 10:53:20,665 middleware 18452 3332 API Request
INFO 2025-06-01 10:53:20,668 basehttp 18452 3332 "POST /api/v1/users/1c946756-ba30-4aaa-96fd-1d7d07517bc4/pass/ HTTP/1.1" 200 114
INFO 2025-06-01 11:02:26,374 autoreload 18452 18492 D:\durgas\Prbal-App\Prbal_backend\users\views.py changed, reloading.
INFO 2025-06-01 11:02:45,278 autoreload 17848 5668 Watching for file changes with StatReloader
INFO 2025-06-01 11:03:22,451 autoreload 17848 5668 D:\durgas\Prbal-App\Prbal_backend\verification\models.py changed, reloading.
INFO 2025-06-01 11:03:32,672 autoreload 12972 16948 Watching for file changes with StatReloader
ERROR 2025-06-01 11:25:03,027 views 12972 7152 Database error during verification process for user 1c946756-ba30-4aaa-96fd-1d7d07517bc4, type 'identity': column "document_link" of relation "verification_verification" does not exist
LINE 1: ...ument_type", "document_url", "document_back_url", "document_...
                                                             ^
Traceback (most recent call last):
  File "D:\durgas\Prbal-App\Prbal_backend\abc\Lib\site-packages\django\db\backends\utils.py", line 105, in _execute
    return self.cursor.execute(sql, params)
           ~~~~~~~~~~~~~~~~~~~^^^^^^^^^^^^^
psycopg2.errors.UndefinedColumn: column "document_link" of relation "verification_verification" does not exist
LINE 1: ...ument_type", "document_url", "document_back_url", "document_...
                                                             ^


The above exception was the direct cause of the following exception:

Traceback (most recent call last):
  File "D:\durgas\Prbal-App\Prbal_backend\users\views.py", line 1062, in post
    verification = Verification.objects.create(
        user=user,
    ...<2 lines>...
        document_link=document_link
    )
  File "D:\durgas\Prbal-App\Prbal_backend\abc\Lib\site-packages\django\db\models\manager.py", line 87, in manager_method
    return getattr(self.get_queryset(), name)(*args, **kwargs)
           ~~~~~~~~~~~~~~~~~~~~~~~~~~~~~~~~~~^^^^^^^^^^^^^^^^^
  File "D:\durgas\Prbal-App\Prbal_backend\abc\Lib\site-packages\django\db\models\query.py", line 663, in create
    obj.save(force_insert=True, using=self.db)
    ~~~~~~~~^^^^^^^^^^^^^^^^^^^^^^^^^^^^^^^^^^
  File "D:\durgas\Prbal-App\Prbal_backend\abc\Lib\site-packages\django\db\models\base.py", line 902, in save
    self.save_base(
    ~~~~~~~~~~~~~~^
        using=using,
        ^^^^^^^^^^^^
    ...<2 lines>...
        update_fields=update_fields,
        ^^^^^^^^^^^^^^^^^^^^^^^^^^^^
    )
    ^
  File "D:\durgas\Prbal-App\Prbal_backend\abc\Lib\site-packages\django\db\models\base.py", line 1008, in save_base
    updated = self._save_table(
        raw,
    ...<4 lines>...
        update_fields,
    )
  File "D:\durgas\Prbal-App\Prbal_backend\abc\Lib\site-packages\django\db\models\base.py", line 1169, in _save_table
    results = self._do_insert(
        cls._base_manager, using, fields, returning_fields, raw
    )
  File "D:\durgas\Prbal-App\Prbal_backend\abc\Lib\site-packages\django\db\models\base.py", line 1210, in _do_insert
    return manager._insert(
           ~~~~~~~~~~~~~~~^
        [self],
        ^^^^^^^
    ...<3 lines>...
        raw=raw,
        ^^^^^^^^
    )
    ^
  File "D:\durgas\Prbal-App\Prbal_backend\abc\Lib\site-packages\django\db\models\manager.py", line 87, in manager_method
    return getattr(self.get_queryset(), name)(*args, **kwargs)
           ~~~~~~~~~~~~~~~~~~~~~~~~~~~~~~~~~~^^^^^^^^^^^^^^^^^
  File "D:\durgas\Prbal-App\Prbal_backend\abc\Lib\site-packages\django\db\models\query.py", line 1864, in _insert
    return query.get_compiler(using=using).execute_sql(returning_fields)
           ~~~~~~~~~~~~~~~~~~~~~~~~~~~~~~~~~~~~~~~~~~~^^^^^^^^^^^^^^^^^^
  File "D:\durgas\Prbal-App\Prbal_backend\abc\Lib\site-packages\django\db\models\sql\compiler.py", line 1882, in execute_sql
    cursor.execute(sql, params)
    ~~~~~~~~~~~~~~^^^^^^^^^^^^^
  File "D:\durgas\Prbal-App\Prbal_backend\abc\Lib\site-packages\django\db\backends\utils.py", line 122, in execute
    return super().execute(sql, params)
           ~~~~~~~~~~~~~~~^^^^^^^^^^^^^
  File "D:\durgas\Prbal-App\Prbal_backend\abc\Lib\site-packages\django\db\backends\utils.py", line 79, in execute
    return self._execute_with_wrappers(
           ~~~~~~~~~~~~~~~~~~~~~~~~~~~^
        sql, params, many=False, executor=self._execute
        ^^^^^^^^^^^^^^^^^^^^^^^^^^^^^^^^^^^^^^^^^^^^^^^
    )
    ^
  File "D:\durgas\Prbal-App\Prbal_backend\abc\Lib\site-packages\django\db\backends\utils.py", line 92, in _execute_with_wrappers
    return executor(sql, params, many, context)
  File "D:\durgas\Prbal-App\Prbal_backend\abc\Lib\site-packages\django\db\backends\utils.py", line 100, in _execute
    with self.db.wrap_database_errors:
         ^^^^^^^^^^^^^^^^^^^^^^^^^^^^
  File "D:\durgas\Prbal-App\Prbal_backend\abc\Lib\site-packages\django\db\utils.py", line 91, in __exit__
    raise dj_exc_value.with_traceback(traceback) from exc_value
  File "D:\durgas\Prbal-App\Prbal_backend\abc\Lib\site-packages\django\db\backends\utils.py", line 105, in _execute
    return self.cursor.execute(sql, params)
           ~~~~~~~~~~~~~~~~~~~^^^^^^^^^^^^^
django.db.utils.ProgrammingError: column "document_link" of relation "verification_verification" does not exist
LINE 1: ...ument_type", "document_url", "document_back_url", "document_...
                                                             ^

INFO 2025-06-01 11:25:03,325 middleware 12972 7152 API Request
ERROR 2025-06-01 11:25:03,331 log 12972 7152 Internal Server Error: /api/v1/users/verify/
ERROR 2025-06-01 11:25:03,351 basehttp 12972 7152 "POST /api/v1/users/verify/ HTTP/1.1" 500 143
INFO 2025-06-01 11:27:52,966 autoreload 10372 19304 Watching for file changes with StatReloader
INFO 2025-06-01 11:28:19,626 views 10372 18652 Verification process for 'identity' initiated successfully for user 1c946756-ba30-4aaa-96fd-1d7d07517bc4, verification ID: 9ce39940-e6d8-48ed-b416-d7a27fe32062
ERROR 2025-06-01 11:28:20,593 log 10372 18652 Internal Server Error: /api/v1/users/verify/
Traceback (most recent call last):
  File "D:\durgas\Prbal-App\Prbal_backend\abc\Lib\site-packages\django\core\handlers\exception.py", line 55, in inner
    response = get_response(request)
  File "D:\durgas\Prbal-App\Prbal_backend\abc\Lib\site-packages\django\core\handlers\base.py", line 220, in _get_response
    response = response.render()
  File "D:\durgas\Prbal-App\Prbal_backend\abc\Lib\site-packages\django\template\response.py", line 114, in render
    self.content = self.rendered_content
                   ^^^^^^^^^^^^^^^^^^^^^
  File "D:\durgas\Prbal-App\Prbal_backend\abc\Lib\site-packages\rest_framework\response.py", line 74, in rendered_content
    ret = renderer.render(self.data, accepted_media_type, context)
  File "D:\durgas\Prbal-App\Prbal_backend\abc\Lib\site-packages\rest_framework\renderers.py", line 100, in render
    ret = json.dumps(
        data, cls=self.encoder_class,
        indent=indent, ensure_ascii=self.ensure_ascii,
        allow_nan=not self.strict, separators=separators
    )
  File "D:\durgas\Prbal-App\Prbal_backend\abc\Lib\site-packages\rest_framework\utils\json.py", line 25, in dumps
    return json.dumps(*args, **kwargs)
           ~~~~~~~~~~^^^^^^^^^^^^^^^^^
  File "C:\Python313\Lib\json\__init__.py", line 238, in dumps
    **kw).encode(obj)
          ~~~~~~^^^^^
  File "C:\Python313\Lib\json\encoder.py", line 200, in encode
    chunks = self.iterencode(o, _one_shot=True)
  File "C:\Python313\Lib\json\encoder.py", line 261, in iterencode
    return _iterencode(o, 0)
  File "D:\durgas\Prbal-App\Prbal_backend\abc\Lib\site-packages\rest_framework\utils\encoders.py", line 52, in default
    return obj.decode()
           ~~~~~~~~~~^^
UnicodeDecodeError: 'utf-8' codec can't decode byte 0xd9 in position 10: invalid continuation byte
INFO 2025-06-01 11:28:20,630 middleware 10372 18652 API Request
ERROR 2025-06-01 11:28:20,635 basehttp 10372 18652 "POST /api/v1/users/verify/ HTTP/1.1" 500 125391
INFO 2025-06-01 11:29:37,421 views 10372 2252 User 1c946756-ba30-4aaa-96fd-1d7d07517bc4 attempted to start a duplicate 'identity' verification.
INFO 2025-06-01 11:29:37,497 middleware 10372 2252 API Request
WARNING 2025-06-01 11:29:37,514 basehttp 10372 2252 "POST /api/v1/users/verify/ HTTP/1.1" 400 180
INFO 2025-06-01 11:30:20,010 middleware 10372 2252 API Request
WARNING 2025-06-01 11:30:20,014 basehttp 10372 2252 "POST /api/v1/users/search/ HTTP/1.1" 404 190
INFO 2025-06-01 11:33:08,701 middleware 10372 8396 API Request
WARNING 2025-06-01 11:33:08,706 basehttp 10372 8396 "POST /api/v1/services/categories/ HTTP/1.1" 403 104
INFO 2025-06-01 11:33:52,543 middleware 10372 8396 API Request
WARNING 2025-06-01 11:33:52,556 basehttp 10372 8396 "POST /api/v1/services/provider/my-services/ HTTP/1.1" 404 31645
INFO 2025-06-01 11:34:11,822 middleware 10372 8396 API Request
WARNING 2025-06-01 11:34:11,827 basehttp 10372 8396 "POST /api/v1/services/ HTTP/1.1" 403 106
INFO 2025-06-01 11:36:23,007 middleware 10372 19868 API Request
WARNING 2025-06-01 11:36:23,019 basehttp 10372 19868 "POST /api/v1/auth/provider/register/ HTTP/1.1" 400 223
INFO 2025-06-01 11:37:24,692 middleware 10372 19868 API Request
INFO 2025-06-01 11:37:24,695 basehttp 10372 19868 "POST /api/v1/auth/provider/register/ HTTP/1.1" 201 1115
INFO 2025-06-01 11:38:17,890 middleware 10372 13176 API Request
WARNING 2025-06-01 11:38:17,895 basehttp 10372 13176 "POST /api/v1/services/ HTTP/1.1" 400 144
INFO 2025-06-07 20:35:35,955 autoreload 21672 1372 Watching for file changes with StatReloader
INFO 2025-06-07 23:13:57,742 autoreload 22136 15284 Watching for file changes with StatReloader
INFO 2025-06-07 23:15:19,945 middleware 22136 14636 API Request
WARNING 2025-06-07 23:15:19,947 basehttp 22136 14636 "POST /api/v1/auth/customer/register/ HTTP/1.1" 400 165
INFO 2025-06-07 23:19:44,944 middleware 22136 15024 API Request
WARNING 2025-06-07 23:19:44,946 basehttp 22136 15024 "POST /api/v1/auth/customer/register/ HTTP/1.1" 400 105
INFO 2025-06-07 23:19:58,009 middleware 22136 15024 API Request
INFO 2025-06-07 23:19:58,010 basehttp 22136 15024 "POST /api/v1/auth/customer/register/ HTTP/1.1" 201 1112
INFO 2025-06-08 00:53:37,861 autoreload 7316 7360 Watching for file changes with StatReloader
INFO 2025-06-08 05:36:32,732 autoreload 9620 4944 Watching for file changes with StatReloader
INFO 2025-06-08 05:44:18,382 autoreload 21348 18040 Watching for file changes with StatReloader
INFO 2025-06-08 05:45:27,681 middleware 21348 17708 API Request
WARNING 2025-06-08 05:45:27,691 basehttp 21348 17708 "POST /api/v1/auth/customer/register/ HTTP/1.1" 400 223
INFO 2025-06-08 05:50:15,009 autoreload 21348 18040 D:\durgas\Prbal-App\Prbal_backend\users\models.py changed, reloading.
INFO 2025-06-08 05:50:16,330 autoreload 12744 2344 Watching for file changes with StatReloader
INFO 2025-06-08 05:50:53,627 autoreload 12744 2344 D:\durgas\Prbal-App\Prbal_backend\users\serializers.py changed, reloading.
INFO 2025-06-08 05:50:54,837 autoreload 7780 4312 Watching for file changes with StatReloader
INFO 2025-06-08 05:51:16,069 autoreload 7780 4312 D:\durgas\Prbal-App\Prbal_backend\users\views.py changed, reloading.
INFO 2025-06-08 05:51:17,517 autoreload 22600 21480 Watching for file changes with StatReloader
INFO 2025-06-08 06:35:33,686 autoreload 14660 11528 Watching for file changes with StatReloader
INFO 2025-06-08 07:02:09,976 middleware 14660 1736 API Request
INFO 2025-06-08 07:02:09,978 basehttp 14660 1736 "POST /api/v1/auth/register/ HTTP/1.1" 201 1114
INFO 2025-06-08 07:02:42,137 middleware 14660 1736 API Request
INFO 2025-06-08 07:02:42,138 basehttp 14660 1736 "POST /api/v1/auth/provider/register/ HTTP/1.1" 201 1115
ERROR 2025-06-10 07:09:40,279 exception 15168 7016 Invalid HTTP_HOST header: 'testserver'. You may need to add 'testserver' to ALLOWED_HOSTS.
Traceback (most recent call last):
  File "D:\durgas\Prbal-App\Prbal_backend\venv\Lib\site-packages\django\core\handlers\exception.py", line 55, in inner
    response = get_response(request)
  File "D:\durgas\Prbal-App\Prbal_backend\venv\Lib\site-packages\django\utils\deprecation.py", line 119, in __call__
    response = self.process_request(request)
  File "D:\durgas\Prbal-App\Prbal_backend\venv\Lib\site-packages\django\middleware\common.py", line 48, in process_request
    host = request.get_host()
  File "D:\durgas\Prbal-App\Prbal_backend\venv\Lib\site-packages\django\http\request.py", line 191, in get_host
    raise DisallowedHost(msg)
django.core.exceptions.DisallowedHost: Invalid HTTP_HOST header: 'testserver'. You may need to add 'testserver' to ALLOWED_HOSTS.
ERROR 2025-06-10 07:09:40,740 exception 15168 7016 Invalid HTTP_HOST header: 'testserver'. You may need to add 'testserver' to ALLOWED_HOSTS.
Traceback (most recent call last):
  File "D:\durgas\Prbal-App\Prbal_backend\venv\Lib\site-packages\django\core\handlers\exception.py", line 55, in inner
    response = get_response(request)
  File "D:\durgas\Prbal-App\Prbal_backend\venv\Lib\site-packages\django\utils\deprecation.py", line 119, in __call__
    response = self.process_request(request)
  File "D:\durgas\Prbal-App\Prbal_backend\venv\Lib\site-packages\django\middleware\common.py", line 48, in process_request
    host = request.get_host()
  File "D:\durgas\Prbal-App\Prbal_backend\venv\Lib\site-packages\django\http\request.py", line 191, in get_host
    raise DisallowedHost(msg)
django.core.exceptions.DisallowedHost: Invalid HTTP_HOST header: 'testserver'. You may need to add 'testserver' to ALLOWED_HOSTS.
ERROR 2025-06-10 07:09:40,804 exception 15168 7016 Invalid HTTP_HOST header: 'testserver'. You may need to add 'testserver' to ALLOWED_HOSTS.
Traceback (most recent call last):
  File "D:\durgas\Prbal-App\Prbal_backend\venv\Lib\site-packages\django\core\handlers\exception.py", line 55, in inner
    response = get_response(request)
  File "D:\durgas\Prbal-App\Prbal_backend\venv\Lib\site-packages\django\utils\deprecation.py", line 119, in __call__
    response = self.process_request(request)
  File "D:\durgas\Prbal-App\Prbal_backend\venv\Lib\site-packages\django\middleware\common.py", line 48, in process_request
    host = request.get_host()
  File "D:\durgas\Prbal-App\Prbal_backend\venv\Lib\site-packages\django\http\request.py", line 191, in get_host
    raise DisallowedHost(msg)
django.core.exceptions.DisallowedHost: Invalid HTTP_HOST header: 'testserver'. You may need to add 'testserver' to ALLOWED_HOSTS.
ERROR 2025-06-10 07:09:40,941 exception 15168 7016 Invalid HTTP_HOST header: 'testserver'. You may need to add 'testserver' to ALLOWED_HOSTS.
Traceback (most recent call last):
  File "D:\durgas\Prbal-App\Prbal_backend\venv\Lib\site-packages\django\core\handlers\exception.py", line 55, in inner
    response = get_response(request)
  File "D:\durgas\Prbal-App\Prbal_backend\venv\Lib\site-packages\django\utils\deprecation.py", line 119, in __call__
    response = self.process_request(request)
  File "D:\durgas\Prbal-App\Prbal_backend\venv\Lib\site-packages\django\middleware\common.py", line 48, in process_request
    host = request.get_host()
  File "D:\durgas\Prbal-App\Prbal_backend\venv\Lib\site-packages\django\http\request.py", line 191, in get_host
    raise DisallowedHost(msg)
django.core.exceptions.DisallowedHost: Invalid HTTP_HOST header: 'testserver'. You may need to add 'testserver' to ALLOWED_HOSTS.
INFO 2025-06-10 07:23:36,075 autoreload 15200 14880 Watching for file changes with StatReloader
INFO 2025-06-10 19:57:29,734 autoreload 6960 5772 Watching for file changes with StatReloader
INFO 2025-06-10 20:12:26,205 autoreload 19388 20804 Watching for file changes with StatReloader
INFO 2025-06-15 09:08:06,643 autoreload 15964 18296 Watching for file changes with StatReloader
INFO 2025-06-15 09:54:04,349 autoreload 21868 2464 Watching for file changes with StatReloader
INFO 2025-06-15 10:06:38,228 autoreload 19108 19564 Watching for file changes with StatReloader
INFO 2025-06-15 10:07:34,186 autoreload 16804 23328 Watching for file changes with StatReloader
ERROR 2025-06-15 23:04:53,153 log 21428 20236 Invalid HTTP_HOST header: 'testserver'. You may need to add 'testserver' to ALLOWED_HOSTS.
Traceback (most recent call last):
  File "D:\durgas\Prbal-App\prbal_server\abc\Lib\site-packages\django\core\handlers\exception.py", line 55, in inner
    response = get_response(request)
  File "D:\durgas\Prbal-App\prbal_server\abc\Lib\site-packages\django\utils\deprecation.py", line 119, in __call__
    response = self.process_request(request)
  File "D:\durgas\Prbal-App\prbal_server\abc\Lib\site-packages\django\middleware\common.py", line 48, in process_request
    host = request.get_host()
  File "D:\durgas\Prbal-App\prbal_server\abc\Lib\site-packages\django\http\request.py", line 191, in get_host
    raise DisallowedHost(msg)
django.core.exceptions.DisallowedHost: Invalid HTTP_HOST header: 'testserver'. You may need to add 'testserver' to ALLOWED_HOSTS.
ERROR 2025-06-15 23:05:14,687 log 22312 17464 Invalid HTTP_HOST header: 'testserver'. You may need to add 'testserver' to ALLOWED_HOSTS.
Traceback (most recent call last):
  File "D:\durgas\Prbal-App\prbal_server\abc\Lib\site-packages\django\core\handlers\exception.py", line 55, in inner
    response = get_response(request)
  File "D:\durgas\Prbal-App\prbal_server\abc\Lib\site-packages\django\utils\deprecation.py", line 119, in __call__
    response = self.process_request(request)
  File "D:\durgas\Prbal-App\prbal_server\abc\Lib\site-packages\django\middleware\common.py", line 48, in process_request
    host = request.get_host()
  File "D:\durgas\Prbal-App\prbal_server\abc\Lib\site-packages\django\http\request.py", line 191, in get_host
    raise DisallowedHost(msg)
django.core.exceptions.DisallowedHost: Invalid HTTP_HOST header: 'testserver'. You may need to add 'testserver' to ALLOWED_HOSTS.
ERROR 2025-06-16 00:40:42,312 log 21268 13380 Invalid HTTP_HOST header: 'testserver'. You may need to add 'testserver' to ALLOWED_HOSTS.
Traceback (most recent call last):
  File "D:\durgas\Prbal-App\prbal_server\abc\Lib\site-packages\django\core\handlers\exception.py", line 55, in inner
    response = get_response(request)
  File "D:\durgas\Prbal-App\prbal_server\abc\Lib\site-packages\django\utils\deprecation.py", line 119, in __call__
    response = self.process_request(request)
  File "D:\durgas\Prbal-App\prbal_server\abc\Lib\site-packages\django\middleware\common.py", line 48, in process_request
    host = request.get_host()
  File "D:\durgas\Prbal-App\prbal_server\abc\Lib\site-packages\django\http\request.py", line 191, in get_host
    raise DisallowedHost(msg)
django.core.exceptions.DisallowedHost: Invalid HTTP_HOST header: 'testserver'. You may need to add 'testserver' to ALLOWED_HOSTS.
INFO 2025-06-16 00:45:08,518 autoreload 7844 17488 Watching for file changes with StatReloader
INFO 2025-06-16 03:47:59,777 autoreload 16156 17992 Watching for file changes with StatReloader
INFO 2025-06-16 04:28:32,799 autoreload 14252 21268 Watching for file changes with StatReloader
INFO 2025-06-16 12:06:27,280 autoreload 12412 18428 Watching for file changes with StatReloader
INFO 2025-06-16 12:07:57,584 utils 12412 9728  Common validation errors detected in fields: ['phone_number']
INFO 2025-06-16 12:07:57,587 middleware 12412 9728 API Request
WARNING 2025-06-16 12:07:57,590 basehttp 12412 9728 "POST /api/v1/auth/admin/register/ HTTP/1.1" 400 251
INFO 2025-06-16 12:08:50,265 middleware 12412 9728 API Request
INFO 2025-06-16 12:08:50,266 basehttp 12412 9728 "POST /api/v1/auth/admin/register/ HTTP/1.1" 201 1273
INFO 2025-06-16 12:12:11,716 middleware 12412 23172 API Request
INFO 2025-06-16 12:12:18,646 middleware 12412 24400 API Request
INFO 2025-06-16 12:12:18,647 basehttp 12412 24400 "POST /api/v1/users/profile/image/ HTTP/1.1" 200 893
INFO 2025-06-16 12:14:19,230 middleware 12412 7728 API Request
WARNING 2025-06-16 12:14:19,231 basehttp 12412 7728 "POST /api/v1/auth/login/ HTTP/1.1" 400 236
INFO 2025-06-16 12:14:46,433 middleware 12412 7728 API Request
WARNING 2025-06-16 12:14:46,435 basehttp 12412 7728 "POST /api/v1/auth/login/ HTTP/1.1" 400 237
INFO 2025-06-16 12:15:05,575 utils 12412 7728  Common validation errors detected in fields: ['username', 'email', 'phone_number']
INFO 2025-06-16 12:15:05,576 middleware 12412 7728 API Request
WARNING 2025-06-16 12:15:05,577 basehttp 12412 7728 "POST /api/v1/auth/register/ HTTP/1.1" 400 363
INFO 2025-06-16 12:15:48,000 middleware 12412 7728 API Request
INFO 2025-06-16 12:15:48,001 basehttp 12412 7728 "POST /api/v1/auth/register/ HTTP/1.1" 201 1280
INFO 2025-06-16 12:17:10,982 middleware 12412 14020 API Request
INFO 2025-06-16 12:17:10,983 basehttp 12412 14020 "POST /api/v1/users/profile/image/ HTTP/1.1" 200 923
INFO 2025-06-16 12:17:51,474 views 12412 14020 User ee8ccb36-0897-40ab-bf97-deb0456c484e (newuser1) logged in successfully with PIN
INFO 2025-06-16 12:17:51,474 middleware 12412 14020 API Request
INFO 2025-06-16 12:17:51,475 basehttp 12412 14020 "POST /api/v1/auth/login/ HTTP/1.1" 200 1319
INFO 2025-06-16 12:21:48,577 autoreload 12412 18428 D:\durgas\Prbal-App\prbal_server\users\models.py changed, reloading.
INFO 2025-06-16 12:21:50,451 autoreload 13396 18168 Watching for file changes with StatReloader
INFO 2025-06-16 12:22:08,782 autoreload 13396 18168 D:\durgas\Prbal-App\prbal_server\users\serializers.py changed, reloading.
INFO 2025-06-16 12:22:10,255 autoreload 23028 2324 Watching for file changes with StatReloader
INFO 2025-06-16 12:22:22,658 autoreload 23028 2324 D:\durgas\Prbal-App\prbal_server\users\serializers.py changed, reloading.
INFO 2025-06-16 12:22:24,190 autoreload 7728 14020 Watching for file changes with StatReloader
INFO 2025-06-16 12:22:42,100 autoreload 7728 14020 D:\durgas\Prbal-App\prbal_server\users\serializers.py changed, reloading.
INFO 2025-06-16 12:22:43,363 autoreload 20196 10672 Watching for file changes with StatReloader
INFO 2025-06-21 04:46:39,111 urls 26952 30324  Loading Users App URL Configuration...
INFO 2025-06-21 04:46:39,894 urls 26952 30324  Users App URLs loaded successfully!
INFO 2025-06-21 04:46:39,896 urls 26952 30324  Total URL patterns: 28
INFO 2025-06-21 04:46:39,917 urls 26952 30324  Users App URL configuration complete!
INFO 2025-06-21 04:46:51,599 urls 14496 12940  Loading Users App URL Configuration...
INFO 2025-06-21 04:46:51,711 urls 14496 12940  Users App URLs loaded successfully!
INFO 2025-06-21 04:46:51,712 urls 14496 12940  Total URL patterns: 28
INFO 2025-06-21 04:46:51,728 urls 14496 12940  Users App URL configuration complete!
INFO 2025-06-21 04:47:34,493 autoreload 24460 19712 Watching for file changes with StatReloader
INFO 2025-06-21 04:47:37,923 urls 24460 19712  Loading Users App URL Configuration...
INFO 2025-06-21 04:47:38,094 urls 24460 19712  Users App URLs loaded successfully!
INFO 2025-06-21 04:47:38,096 urls 24460 19712  Total URL patterns: 28
INFO 2025-06-21 04:47:38,149 urls 24460 19712  Users App URL configuration complete!
INFO 2025-06-22 14:08:16,940 autoreload 4724 4652 Watching for file changes with StatReloader
INFO 2025-06-22 14:08:26,003 urls 4724 4652  Loading Users App URL Configuration...
INFO 2025-06-22 14:08:26,420 urls 4724 4652  Users App URLs loaded successfully!
INFO 2025-06-22 14:08:26,427 urls 4724 4652  Total URL patterns: 28
INFO 2025-06-22 14:08:26,438 urls 4724 4652  Users App URL configuration complete!
ERROR 2025-06-22 14:08:57,091 log 4724 16156 Internal Server Error: /api/v1/services/categories/
Traceback (most recent call last):
  File "D:\durgas\Prbal-App\prbal_server\abc\Lib\site-packages\django\core\handlers\exception.py", line 55, in inner
    response = get_response(request)
  File "D:\durgas\Prbal-App\prbal_server\abc\Lib\site-packages\django\core\handlers\base.py", line 197, in _get_response
    response = wrapped_callback(request, *callback_args, **callback_kwargs)
  File "D:\durgas\Prbal-App\prbal_server\abc\Lib\site-packages\django\views\decorators\csrf.py", line 65, in _view_wrapper
    return view_func(request, *args, **kwargs)
  File "D:\durgas\Prbal-App\prbal_server\abc\Lib\site-packages\rest_framework\viewsets.py", line 125, in view
    return self.dispatch(request, *args, **kwargs)
           ~~~~~~~~~~~~~^^^^^^^^^^^^^^^^^^^^^^^^^^
  File "D:\durgas\Prbal-App\prbal_server\services\views.py", line 87, in dispatch
    start_time = time.time()
                 ^^^^
NameError: name 'time' is not defined. Did you forget to import 'time'?
INFO 2025-06-22 14:08:57,121 middleware 4724 16156 API Request
ERROR 2025-06-22 14:08:57,126 basehttp 4724 16156 "GET /api/v1/services/categories/ HTTP/1.1" 500 94259
ERROR 2025-06-22 14:09:22,899 log 4724 19096 Internal Server Error: /api/v1/services/categories/
Traceback (most recent call last):
  File "D:\durgas\Prbal-App\prbal_server\abc\Lib\site-packages\django\core\handlers\exception.py", line 55, in inner
    response = get_response(request)
  File "D:\durgas\Prbal-App\prbal_server\abc\Lib\site-packages\django\core\handlers\base.py", line 197, in _get_response
    response = wrapped_callback(request, *callback_args, **callback_kwargs)
  File "D:\durgas\Prbal-App\prbal_server\abc\Lib\site-packages\django\views\decorators\csrf.py", line 65, in _view_wrapper
    return view_func(request, *args, **kwargs)
  File "D:\durgas\Prbal-App\prbal_server\abc\Lib\site-packages\rest_framework\viewsets.py", line 125, in view
    return self.dispatch(request, *args, **kwargs)
           ~~~~~~~~~~~~~^^^^^^^^^^^^^^^^^^^^^^^^^^
  File "D:\durgas\Prbal-App\prbal_server\services\views.py", line 87, in dispatch
    start_time = time.time()
                 ^^^^
NameError: name 'time' is not defined. Did you forget to import 'time'?
INFO 2025-06-22 14:09:22,906 middleware 4724 19096 API Request
ERROR 2025-06-22 14:09:22,910 basehttp 4724 19096 "GET /api/v1/services/categories/ HTTP/1.1" 500 26120
INFO 2025-06-22 14:10:55,199 autoreload 4724 4652 D:\durgas\Prbal-App\prbal_server\services\views.py changed, reloading.
INFO 2025-06-22 14:11:02,270 autoreload 13348 5372 Watching for file changes with StatReloader
INFO 2025-06-22 14:11:06,303 urls 13348 5372  Loading Users App URL Configuration...
INFO 2025-06-22 14:11:06,439 urls 13348 5372  Users App URLs loaded successfully!
INFO 2025-06-22 14:11:06,441 urls 13348 5372  Total URL patterns: 28
INFO 2025-06-22 14:11:06,460 urls 13348 5372  Users App URL configuration complete!
ERROR 2025-06-22 14:11:44,523 log 13348 6836 Internal Server Error: /api/v1/services/categories/
Traceback (most recent call last):
  File "D:\durgas\Prbal-App\prbal_server\abc\Lib\site-packages\django\core\handlers\exception.py", line 55, in inner
    response = get_response(request)
  File "D:\durgas\Prbal-App\prbal_server\abc\Lib\site-packages\django\core\handlers\base.py", line 197, in _get_response
    response = wrapped_callback(request, *callback_args, **callback_kwargs)
  File "D:\durgas\Prbal-App\prbal_server\abc\Lib\site-packages\django\views\decorators\csrf.py", line 65, in _view_wrapper
    return view_func(request, *args, **kwargs)
  File "D:\durgas\Prbal-App\prbal_server\abc\Lib\site-packages\rest_framework\viewsets.py", line 125, in view
    return self.dispatch(request, *args, **kwargs)
           ~~~~~~~~~~~~~^^^^^^^^^^^^^^^^^^^^^^^^^^
  File "D:\durgas\Prbal-App\prbal_server\services\views.py", line 87, in dispatch
    start_time = time.time()
                 ^^^^
NameError: name 'time' is not defined. Did you forget to import 'time'?
INFO 2025-06-22 14:11:44,555 middleware 13348 6836 API Request
ERROR 2025-06-22 14:11:44,558 basehttp 13348 6836 "GET /api/v1/services/categories/ HTTP/1.1" 500 94253
ERROR 2025-06-22 14:12:22,855 log 13348 18808 Internal Server Error: /api/v1/services/categories/
Traceback (most recent call last):
  File "D:\durgas\Prbal-App\prbal_server\abc\Lib\site-packages\django\core\handlers\exception.py", line 55, in inner
    response = get_response(request)
  File "D:\durgas\Prbal-App\prbal_server\abc\Lib\site-packages\django\core\handlers\base.py", line 197, in _get_response
    response = wrapped_callback(request, *callback_args, **callback_kwargs)
  File "D:\durgas\Prbal-App\prbal_server\abc\Lib\site-packages\django\views\decorators\csrf.py", line 65, in _view_wrapper
    return view_func(request, *args, **kwargs)
  File "D:\durgas\Prbal-App\prbal_server\abc\Lib\site-packages\rest_framework\viewsets.py", line 125, in view
    return self.dispatch(request, *args, **kwargs)
           ~~~~~~~~~~~~~^^^^^^^^^^^^^^^^^^^^^^^^^^
  File "D:\durgas\Prbal-App\prbal_server\services\views.py", line 87, in dispatch
    start_time = time.time()
                 ^^^^
NameError: name 'time' is not defined. Did you forget to import 'time'?
INFO 2025-06-22 14:12:22,864 middleware 13348 18808 API Request
ERROR 2025-06-22 14:12:22,871 basehttp 13348 18808 "GET /api/v1/services/categories/ HTTP/1.1" 500 94253
ERROR 2025-06-22 14:12:34,951 log 13348 14876 Internal Server Error: /api/v1/services/categories/
Traceback (most recent call last):
  File "D:\durgas\Prbal-App\prbal_server\abc\Lib\site-packages\django\core\handlers\exception.py", line 55, in inner
    response = get_response(request)
  File "D:\durgas\Prbal-App\prbal_server\abc\Lib\site-packages\django\core\handlers\base.py", line 197, in _get_response
    response = wrapped_callback(request, *callback_args, **callback_kwargs)
  File "D:\durgas\Prbal-App\prbal_server\abc\Lib\site-packages\django\views\decorators\csrf.py", line 65, in _view_wrapper
    return view_func(request, *args, **kwargs)
  File "D:\durgas\Prbal-App\prbal_server\abc\Lib\site-packages\rest_framework\viewsets.py", line 125, in view
    return self.dispatch(request, *args, **kwargs)
           ~~~~~~~~~~~~~^^^^^^^^^^^^^^^^^^^^^^^^^^
  File "D:\durgas\Prbal-App\prbal_server\services\views.py", line 87, in dispatch
    start_time = time.time()
                 ^^^^
NameError: name 'time' is not defined. Did you forget to import 'time'?
INFO 2025-06-22 14:12:34,978 middleware 13348 14876 API Request
ERROR 2025-06-22 14:12:35,013 basehttp 13348 14876 "GET /api/v1/services/categories/ HTTP/1.1" 500 26205
INFO 2025-06-22 14:17:43,621 autoreload 13348 5372 D:\durgas\Prbal-App\prbal_server\services\views.py changed, reloading.
INFO 2025-06-22 14:17:49,214 autoreload 11500 12848 Watching for file changes with StatReloader
INFO 2025-06-22 14:17:52,643 urls 11500 12848  Loading Users App URL Configuration...
INFO 2025-06-22 14:17:52,759 urls 11500 12848  Users App URLs loaded successfully!
INFO 2025-06-22 14:17:52,760 urls 11500 12848  Total URL patterns: 28
INFO 2025-06-22 14:17:52,774 urls 11500 12848  Users App URL configuration complete!
ERROR 2025-06-22 14:19:34,603 log 11500 15896 Invalid HTTP_HOST header: '0.0.0.0:8000'. You may need to add '0.0.0.0' to ALLOWED_HOSTS.
Traceback (most recent call last):
  File "D:\durgas\Prbal-App\prbal_server\abc\Lib\site-packages\django\core\handlers\exception.py", line 55, in inner
    response = get_response(request)
  File "D:\durgas\Prbal-App\prbal_server\abc\Lib\site-packages\django\utils\deprecation.py", line 119, in __call__
    response = self.process_request(request)
  File "D:\durgas\Prbal-App\prbal_server\abc\Lib\site-packages\django\middleware\common.py", line 48, in process_request
    host = request.get_host()
  File "D:\durgas\Prbal-App\prbal_server\abc\Lib\site-packages\django\http\request.py", line 191, in get_host
    raise DisallowedHost(msg)
django.core.exceptions.DisallowedHost: Invalid HTTP_HOST header: '0.0.0.0:8000'. You may need to add '0.0.0.0' to ALLOWED_HOSTS.
WARNING 2025-06-22 14:19:34,634 basehttp 11500 15896 "GET /api/v1/services/categories/ HTTP/1.1" 400 89092
ERROR 2025-06-22 14:20:19,262 log 11500 17444 Internal Server Error: /api/v1/services/categories/
Traceback (most recent call last):
  File "D:\durgas\Prbal-App\prbal_server\abc\Lib\site-packages\django\core\handlers\exception.py", line 55, in inner
    response = get_response(request)
  File "D:\durgas\Prbal-App\prbal_server\abc\Lib\site-packages\django\core\handlers\base.py", line 197, in _get_response
    response = wrapped_callback(request, *callback_args, **callback_kwargs)
  File "D:\durgas\Prbal-App\prbal_server\abc\Lib\site-packages\django\views\decorators\csrf.py", line 65, in _view_wrapper
    return view_func(request, *args, **kwargs)
  File "D:\durgas\Prbal-App\prbal_server\abc\Lib\site-packages\rest_framework\viewsets.py", line 125, in view
    return self.dispatch(request, *args, **kwargs)
           ~~~~~~~~~~~~~^^^^^^^^^^^^^^^^^^^^^^^^^^
  File "D:\durgas\Prbal-App\prbal_server\services\views.py", line 88, in dispatch
    start_time = time.time()
                 ^^^^^^^^^
AttributeError: type object 'datetime.time' has no attribute 'time'
INFO 2025-06-22 14:20:19,286 middleware 11500 17444 API Request
ERROR 2025-06-22 14:20:19,290 basehttp 11500 17444 "GET /api/v1/services/categories/ HTTP/1.1" 500 95015
INFO 2025-06-22 14:21:09,305 autoreload 11500 12848 D:\durgas\Prbal-App\prbal_server\services\views.py changed, reloading.
INFO 2025-06-22 14:21:19,425 autoreload 14988 13900 Watching for file changes with StatReloader
INFO 2025-06-22 14:21:26,650 urls 14988 13900  Loading Users App URL Configuration...
INFO 2025-06-22 14:21:26,947 urls 14988 13900  Users App URLs loaded successfully!
INFO 2025-06-22 14:21:26,949 urls 14988 13900  Total URL patterns: 28
INFO 2025-06-22 14:21:26,969 urls 14988 13900  Users App URL configuration complete!
INFO 2025-06-22 14:22:16,878 autoreload 14988 13900 D:\durgas\Prbal-App\prbal_server\services\views.py changed, reloading.
INFO 2025-06-22 14:22:25,417 autoreload 11156 9824 Watching for file changes with StatReloader
INFO 2025-06-22 14:22:29,223 urls 11156 9824  Loading Users App URL Configuration...
INFO 2025-06-22 14:22:29,452 urls 11156 9824  Users App URLs loaded successfully!
INFO 2025-06-22 14:22:29,454 urls 11156 9824  Total URL patterns: 28
INFO 2025-06-22 14:22:29,471 urls 11156 9824  Users App URL configuration complete!
INFO 2025-06-22 14:22:40,781 middleware 11156 16956 API Request
INFO 2025-06-22 14:22:40,786 basehttp 11156 16956 "GET /api/v1/services/categories/ HTTP/1.1" 200 99
INFO 2025-06-22 14:22:57,569 middleware 11156 16956 API Request
WARNING 2025-06-22 14:22:57,579 basehttp 11156 16956 "POST /api/v1/categories/ HTTP/1.1" 404 13825
INFO 2025-06-22 14:23:25,195 middleware 11156 16956 API Request
WARNING 2025-06-22 14:23:25,200 basehttp 11156 16956 "POST /api/v1/services/categories/ HTTP/1.1" 401 148
INFO 2025-06-22 14:25:03,066 middleware 11156 19372 API Request
INFO 2025-06-22 14:25:03,074 basehttp 11156 19372 "POST /api/v1/services/categories/ HTTP/1.1" 201 412
INFO 2025-06-22 14:25:37,754 middleware 11156 19372 API Request
WARNING 2025-06-22 14:25:37,758 basehttp 11156 19372 "GET /api/v1/categories/d065854b-8491-4cc6-bc96-d98cad5b5ef0/ HTTP/1.1" 404 13935
INFO 2025-06-22 14:25:57,783 middleware 11156 19372 API Request
INFO 2025-06-22 14:25:57,793 basehttp 11156 19372 "GET /api/v1/services/categories/d065854b-8491-4cc6-bc96-d98cad5b5ef0/ HTTP/1.1" 200 412
INFO 2025-06-22 14:26:49,390 middleware 11156 19372 API Request
WARNING 2025-06-22 14:26:49,403 basehttp 11156 19372 "PUT /api/v1/categories/d065854b-8491-4cc6-bc96-d98cad5b5ef0/ HTTP/1.1" 404 13935
INFO 2025-06-22 14:27:00,694 middleware 11156 19372 API Request
INFO 2025-06-22 14:27:00,698 basehttp 11156 19372 "PUT /api/v1/services/categories/d065854b-8491-4cc6-bc96-d98cad5b5ef0/ HTTP/1.1" 200 425
INFO 2025-06-22 14:27:30,597 middleware 11156 19372 API Request
WARNING 2025-06-22 14:27:30,602 basehttp 11156 19372 "PATCH /api/v1/categories/d065854b-8491-4cc6-bc96-d98cad5b5ef0/ HTTP/1.1" 404 13937
INFO 2025-06-22 14:27:38,309 middleware 11156 19372 API Request
INFO 2025-06-22 14:27:38,313 basehttp 11156 19372 "PATCH /api/v1/services/categories/d065854b-8491-4cc6-bc96-d98cad5b5ef0/ HTTP/1.1" 200 398
INFO 2025-06-22 14:27:59,560 middleware 11156 19372 API Request
WARNING 2025-06-22 14:27:59,564 basehttp 11156 19372 "GET /api/v1/categories/statistics/ HTTP/1.1" 404 13857
INFO 2025-06-22 14:28:15,105 middleware 11156 19372 API Request
INFO 2025-06-22 14:28:15,114 basehttp 11156 19372 "GET /api/v1/services/categories/statistics/ HTTP/1.1" 200 900
INFO 2025-06-22 14:29:03,865 middleware 11156 19372 API Request
WARNING 2025-06-22 14:29:03,870 basehttp 11156 19372 "GET /api/v1/subcategories/ HTTP/1.1" 404 13833
INFO 2025-06-22 14:29:19,650 middleware 11156 19372 API Request
INFO 2025-06-22 14:29:19,653 basehttp 11156 19372 "GET /api/v1/services/subcategories/ HTTP/1.1" 200 299
INFO 2025-06-22 14:30:08,194 middleware 11156 19372 API Request
WARNING 2025-06-22 14:30:08,205 basehttp 11156 19372 "POST /api/v1/subcategories/ HTTP/1.1" 404 13834
INFO 2025-06-22 14:30:18,158 middleware 11156 19372 API Request
INFO 2025-06-22 14:30:18,164 basehttp 11156 19372 "POST /api/v1/services/subcategories/ HTTP/1.1" 201 1065
INFO 2025-06-22 14:31:19,755 middleware 11156 15712 API Request
WARNING 2025-06-22 14:31:19,760 basehttp 11156 15712 "GET /api/v1/subcategories/c90e9e2b-497a-458e-8414-9aa3dc34ca9a/ HTTP/1.1" 404 13944
INFO 2025-06-22 14:31:34,378 middleware 11156 15712 API Request
INFO 2025-06-22 14:31:34,392 basehttp 11156 15712 "GET /api/v1/services/subcategories/c90e9e2b-497a-458e-8414-9aa3dc34ca9a/ HTTP/1.1" 200 1062
INFO 2025-06-22 14:32:11,098 middleware 11156 15712 API Request
INFO 2025-06-22 14:32:11,102 basehttp 11156 15712 "PUT /api/v1/services/subcategories/c90e9e2b-497a-458e-8414-9aa3dc34ca9a/ HTTP/1.1" 200 1228
INFO 2025-06-22 14:32:44,905 middleware 11156 15712 API Request
INFO 2025-06-22 14:32:44,909 basehttp 11156 15712 "PATCH /api/v1/services/subcategories/c90e9e2b-497a-458e-8414-9aa3dc34ca9a/ HTTP/1.1" 200 1221
INFO 2025-06-22 14:33:42,016 middleware 11156 15712 API Request
INFO 2025-06-22 14:33:42,021 basehttp 11156 15712 "DELETE /api/v1/services/subcategories/c90e9e2b-497a-458e-8414-9aa3dc34ca9a/ HTTP/1.1" 204 617
INFO 2025-06-22 14:34:13,484 middleware 11156 15712 API Request
INFO 2025-06-22 14:34:13,487 basehttp 11156 15712 "GET /api/v1/services/subcategories/ HTTP/1.1" 200 299
INFO 2025-06-22 14:34:30,172 middleware 11156 15712 API Request
INFO 2025-06-22 14:34:30,177 basehttp 11156 15712 "GET /api/v1/services/subcategories/ HTTP/1.1" 200 299
INFO 2025-06-22 14:35:50,602 middleware 11156 18988 API Request
INFO 2025-06-22 14:35:50,606 basehttp 11156 18988 "GET /api/v1/services/subcategories/?category=d065854b-8491-4cc6-bc96-d98cad5b5ef0 HTTP/1.1" 200 300
INFO 2025-06-22 14:36:20,042 middleware 11156 18988 API Request
INFO 2025-06-22 14:36:20,046 basehttp 11156 18988 "POST /api/v1/services/subcategories/ HTTP/1.1" 201 1086
INFO 2025-06-22 14:37:56,323 middleware 11156 13960 API Request
INFO 2025-06-22 14:37:56,337 basehttp 11156 13960 "GET /api/v1/services/subcategories/d15a9aa4-69e4-4293-b591-573c8e8aaa64/ HTTP/1.1" 200 1083
INFO 2025-06-22 14:38:07,744 middleware 11156 13960 API Request
INFO 2025-06-22 14:38:07,757 basehttp 11156 13960 "GET /api/v1/services/subcategories/ HTTP/1.1" 200 990
INFO 2025-06-22 14:38:25,422 middleware 11156 13960 API Request
INFO 2025-06-22 14:38:25,426 basehttp 11156 13960 "GET /api/v1/services/subcategories/ HTTP/1.1" 200 990
INFO 2025-06-22 14:38:54,256 middleware 11156 13960 API Request
INFO 2025-06-22 14:38:54,259 basehttp 11156 13960 "GET /api/v1/services/categories/ HTTP/1.1" 200 457
INFO 2025-06-22 14:45:14,937 autoreload 11156 9824 D:\durgas\Prbal-App\prbal_server\services\views.py changed, reloading.
INFO 2025-06-22 14:45:22,697 autoreload 20772 4468 Watching for file changes with StatReloader
INFO 2025-06-22 14:45:28,600 urls 20772 4468  Loading Users App URL Configuration...
INFO 2025-06-22 14:45:28,865 urls 20772 4468  Users App URLs loaded successfully!
INFO 2025-06-22 14:45:28,867 urls 20772 4468  Total URL patterns: 28
INFO 2025-06-22 14:45:28,900 urls 20772 4468  Users App URL configuration complete!
INFO 2025-06-22 14:47:06,259 autoreload 20772 4468 D:\durgas\Prbal-App\prbal_server\services\views.py changed, reloading.
INFO 2025-06-22 14:47:17,783 autoreload 17804 15120 Watching for file changes with StatReloader
INFO 2025-06-22 14:47:21,698 urls 17804 15120  Loading Users App URL Configuration...
INFO 2025-06-22 14:47:21,815 urls 17804 15120  Users App URLs loaded successfully!
INFO 2025-06-22 14:47:21,816 urls 17804 15120  Total URL patterns: 28
INFO 2025-06-22 14:47:21,843 urls 17804 15120  Users App URL configuration complete!
INFO 2025-06-22 14:50:52,447 autoreload 17804 15120 D:\durgas\Prbal-App\prbal_server\services\views.py changed, reloading.
INFO 2025-06-22 14:50:59,108 autoreload 16132 4280 Watching for file changes with StatReloader
INFO 2025-06-22 14:51:02,653 urls 16132 4280  Loading Users App URL Configuration...
INFO 2025-06-22 14:51:02,799 urls 16132 4280  Users App URLs loaded successfully!
INFO 2025-06-22 14:51:02,800 urls 16132 4280  Total URL patterns: 28
INFO 2025-06-22 14:51:02,813 urls 16132 4280  Users App URL configuration complete!
INFO 2025-06-22 15:04:42,794 middleware 16132 5840 API Request
INFO 2025-06-22 15:04:42,799 basehttp 16132 5840 "GET /api/v1/services/categories/ HTTP/1.1" 200 654
INFO 2025-06-22 15:05:04,477 middleware 16132 5840 API Request
INFO 2025-06-22 15:05:04,485 basehttp 16132 5840 "GET /api/v1/services/categories/d065854b-8491-4cc6-bc96-d98cad5b5ef0/ HTTP/1.1" 200 720
INFO 2025-06-22 15:05:22,291 middleware 16132 5840 API Request
INFO 2025-06-22 15:05:22,294 basehttp 16132 5840 "POST /api/v1/services/categories/ HTTP/1.1" 201 708
INFO 2025-06-22 15:05:41,806 middleware 16132 5840 API Request
INFO 2025-06-22 15:05:41,810 basehttp 16132 5840 "PUT /api/v1/services/categories/d065854b-8491-4cc6-bc96-d98cad5b5ef0/ HTTP/1.1" 200 798
INFO 2025-06-22 15:06:31,422 middleware 16132 5840 API Request
INFO 2025-06-22 15:06:31,428 basehttp 16132 5840 "PATCH /api/v1/services/categories/d065854b-8491-4cc6-bc96-d98cad5b5ef0/ HTTP/1.1" 200 838
INFO 2025-06-22 15:16:11,904 middleware 16132 4152 API Request
WARNING 2025-06-22 15:16:11,985 basehttp 16132 4152 "POST /api/v1/services/ HTTP/1.1" 405 82
INFO 2025-06-22 15:28:26,613 middleware 16132 1312 API Request
WARNING 2025-06-22 15:28:26,620 basehttp 16132 1312 "GET /api/v1/services/?category=550e8400-e29b-41d4-a716-446655440001&status=active&is_featured=true&search=plumbing&ordering=-created_at&page=1 HTTP/1.1" 401 97
INFO 2025-06-22 15:31:39,230 middleware 16132 13412 API Request
WARNING 2025-06-22 15:31:39,235 basehttp 16132 13412 "GET /api/v1/services/?category=550e8400-e29b-41d4-a716-446655440001&status=active&is_featured=true&search=plumbing&ordering=-created_at&page=1 HTTP/1.1" 401 220
INFO 2025-06-22 15:35:57,771 middleware 16132 6600 API Request
INFO 2025-06-22 15:35:57,775 basehttp 16132 6600 "GET /api/v1/services/?category=550e8400-e29b-41d4-a716-446655440001&status=active&is_featured=true&search=plumbing&ordering=-created_at&page=1 HTTP/1.1" 200 306
INFO 2025-06-22 15:36:30,414 middleware 16132 6600 API Request
INFO 2025-06-22 15:36:30,419 basehttp 16132 6600 "GET /api/v1/services/?category=550e8400-e29b-41d4-a716-446655440001&status=active&is_featured=true HTTP/1.1" 200 305
INFO 2025-06-22 15:36:50,465 middleware 16132 6600 API Request
INFO 2025-06-22 15:36:50,469 basehttp 16132 6600 "GET /api/v1/services/ HTTP/1.1" 200 305
INFO 2025-06-22 15:37:03,716 middleware 16132 14956 API Request
INFO 2025-06-22 15:37:03,723 basehttp 16132 14956 "GET /api/v1/services/categories/ HTTP/1.1" 200 13876
INFO 2025-06-22 15:37:05,937 basehttp 16132 12668 "GET /static/rest_framework/css/default.css HTTP/1.1" 200 1152
INFO 2025-06-22 15:37:05,944 basehttp 16132 20804 "GET /static/rest_framework/js/jquery-3.7.1.min.js HTTP/1.1" 200 87533
INFO 2025-06-22 15:37:05,995 basehttp 16132 14956 "GET /static/rest_framework/css/bootstrap.min.css HTTP/1.1" 200 121457
INFO 2025-06-22 15:37:05,999 basehttp 16132 12668 "GET /static/rest_framework/js/csrf.js HTTP/1.1" 200 1793
INFO 2025-06-22 15:37:06,022 basehttp 16132 20804 "GET /static/rest_framework/js/bootstrap.min.js HTTP/1.1" 200 39680
INFO 2025-06-22 15:37:06,035 basehttp 16132 14956 "GET /static/rest_framework/js/prettify-min.js HTTP/1.1" 200 13632
INFO 2025-06-22 15:37:06,036 basehttp 16132 12668 "GET /static/rest_framework/js/default.js HTTP/1.1" 200 1268
INFO 2025-06-22 15:37:06,037 basehttp 16132 20804 "GET /static/rest_framework/js/load-ajax-form.js HTTP/1.1" 200 59
INFO 2025-06-22 15:37:06,960 basehttp 16132 3404 "GET /static/rest_framework/css/prettify.css HTTP/1.1" 200 817
INFO 2025-06-22 15:37:07,055 basehttp 16132 10884 "GET /static/rest_framework/css/bootstrap-tweaks.css HTTP/1.1" 200 3426
INFO 2025-06-22 15:37:07,058 basehttp 16132 17156 "GET /static/rest_framework/js/ajax-form.js HTTP/1.1" 200 3796
INFO 2025-06-22 15:37:07,136 basehttp 16132 17156 "GET /static/rest_framework/img/grid.png HTTP/1.1" 200 1458
WARNING 2025-06-22 15:37:12,142 basehttp 16132 17156 "GET /favicon.ico HTTP/1.1" 404 5800
INFO 2025-06-22 16:18:38,435 urls 15332 16120  Loading Users App URL Configuration...
INFO 2025-06-22 16:18:38,832 urls 15332 16120  Users App URLs loaded successfully!
INFO 2025-06-22 16:18:38,871 urls 15332 16120  Total URL patterns: 28
INFO 2025-06-22 16:18:38,903 urls 15332 16120  Users App URL configuration complete!
INFO 2025-06-22 16:18:55,574 urls 15448 4212  Loading Users App URL Configuration...
INFO 2025-06-22 16:18:55,814 urls 15448 4212  Users App URLs loaded successfully!
INFO 2025-06-22 16:18:55,815 urls 15448 4212  Total URL patterns: 28
INFO 2025-06-22 16:18:55,986 urls 15448 4212  Users App URL configuration complete!
INFO 2025-06-22 16:21:41,436 autoreload 6972 7488 Watching for file changes with StatReloader
INFO 2025-06-22 16:21:45,052 urls 6972 7488  Loading Users App URL Configuration...
INFO 2025-06-22 16:21:45,186 urls 6972 7488  Users App URLs loaded successfully!
INFO 2025-06-22 16:21:45,187 urls 6972 7488  Total URL patterns: 28
INFO 2025-06-22 16:21:45,205 urls 6972 7488  Users App URL configuration complete!
INFO 2025-06-22 16:22:49,239 middleware 6972 17040 API Request
INFO 2025-06-22 16:22:49,245 basehttp 6972 17040 "GET /api/v1/services/ HTTP/1.1" 200 307
INFO 2025-06-22 16:23:30,630 middleware 6972 17040 API Request
WARNING 2025-06-22 16:23:30,639 basehttp 6972 17040 "POST /api/v1/services/ HTTP/1.1" 405 81
INFO 2025-06-22 16:29:47,110 autoreload 6972 7488 D:\durgas\Prbal-App\prbal_server\services\views.py changed, reloading.
INFO 2025-06-22 16:30:00,990 autoreload 12772 14584 Watching for file changes with StatReloader
INFO 2025-06-22 16:30:06,513 urls 12772 14584  Loading Users App URL Configuration...
INFO 2025-06-22 16:30:06,692 urls 12772 14584  Users App URLs loaded successfully!
INFO 2025-06-22 16:30:06,694 urls 12772 14584  Total URL patterns: 28
INFO 2025-06-22 16:30:06,717 urls 12772 14584  Users App URL configuration complete!
INFO 2025-06-22 16:49:42,124 urls 6768 15400  Loading Users App URL Configuration...
INFO 2025-06-22 16:49:42,310 urls 6768 15400  Users App URLs loaded successfully!
INFO 2025-06-22 16:49:42,311 urls 6768 15400  Total URL patterns: 28
INFO 2025-06-22 16:49:42,396 urls 6768 15400  Users App URL configuration complete!
INFO 2025-06-22 16:50:08,027 urls 13596 10880  Loading Users App URL Configuration...
INFO 2025-06-22 16:50:08,263 urls 13596 10880  Users App URLs loaded successfully!
INFO 2025-06-22 16:50:08,265 urls 13596 10880  Total URL patterns: 28
INFO 2025-06-22 16:50:08,305 urls 13596 10880  Users App URL configuration complete!
INFO 2025-06-22 17:12:28,297 urls 12300 3940  Loading Users App URL Configuration...
INFO 2025-06-22 17:12:29,074 urls 12300 3940  Users App URLs loaded successfully!
INFO 2025-06-22 17:12:29,076 urls 12300 3940  Total URL patterns: 28
INFO 2025-06-22 17:12:29,193 urls 12300 3940  Users App URL configuration complete!
INFO 2025-06-22 17:13:02,794 urls 5052 4476  Loading Users App URL Configuration...
INFO 2025-06-22 17:13:03,160 urls 5052 4476  Users App URLs loaded successfully!
INFO 2025-06-22 17:13:03,228 urls 5052 4476  Total URL patterns: 28
INFO 2025-06-22 17:13:03,311 urls 5052 4476  Users App URL configuration complete!
INFO 2025-06-22 17:13:43,870 autoreload 9088 11180 Watching for file changes with StatReloader
INFO 2025-06-22 17:13:49,496 urls 9088 11180  Loading Users App URL Configuration...
INFO 2025-06-22 17:13:49,723 urls 9088 11180  Users App URLs loaded successfully!
INFO 2025-06-22 17:13:49,733 urls 9088 11180  Total URL patterns: 28
INFO 2025-06-22 17:13:49,808 urls 9088 11180  Users App URL configuration complete!
INFO 2025-06-22 17:14:24,508 middleware 9088 7892 API Request
WARNING 2025-06-22 17:14:24,555 basehttp 9088 7892 "GET /api/v1/services/ HTTP/1.1" 401 223
INFO 2025-06-22 17:17:46,547 middleware 9088 15412 API Request
INFO 2025-06-22 17:17:46,552 basehttp 9088 15412 "GET /api/v1/services/ HTTP/1.1" 200 306
INFO 2025-06-22 17:18:07,229 middleware 9088 15412 API Request
INFO 2025-06-22 17:18:07,234 basehttp 9088 15412 "GET /api/v1/services/services/ HTTP/1.1" 200 294
INFO 2025-06-22 17:18:33,495 middleware 9088 15412 API Request
WARNING 2025-06-22 17:18:33,498 basehttp 9088 15412 "POST /api/v1/services/services/ HTTP/1.1" 403 106
INFO 2025-06-22 17:21:19,105 middleware 9088 13808 API Request
WARNING 2025-06-22 17:21:19,110 basehttp 9088 13808 "POST /api/v1/services/services/ HTTP/1.1" 403 107
INFO 2025-06-22 17:21:27,497 middleware 9088 13808 API Request
WARNING 2025-06-22 17:21:27,501 basehttp 9088 13808 "POST /api/v1/services/services/ HTTP/1.1" 403 106
INFO 2025-06-22 17:24:14,136 utils 9088 9464  Bad request error: Service validation failed
INFO 2025-06-22 17:24:14,139 middleware 9088 9464 API Request
WARNING 2025-06-22 17:24:14,143 basehttp 9088 9464 "POST /api/v1/services/services/ HTTP/1.1" 400 1366
ERROR 2025-06-22 17:32:13,145 utils 9088 7904  Server error: An error occurred while creating the service
INFO 2025-06-22 17:32:13,148 middleware 9088 7904 API Request
ERROR 2025-06-22 17:32:13,151 log 9088 7904 Internal Server Error: /api/v1/services/services/
ERROR 2025-06-22 17:32:13,154 basehttp 9088 7904 "POST /api/v1/services/services/ HTTP/1.1" 500 1308
ERROR 2025-06-22 17:38:24,406 utils 9088 8092  Server error: An error occurred while creating the service
INFO 2025-06-22 17:38:24,409 middleware 9088 8092 API Request
ERROR 2025-06-22 17:38:24,412 log 9088 8092 Internal Server Error: /api/v1/services/services/
ERROR 2025-06-22 17:38:24,416 basehttp 9088 8092 "POST /api/v1/services/services/ HTTP/1.1" 500 1307
INFO 2025-06-22 17:38:40,766 middleware 9088 8092 API Request
WARNING 2025-06-22 17:38:40,774 basehttp 9088 8092 "POST /api/v1/services/ HTTP/1.1" 405 81
ERROR 2025-06-22 17:39:01,623 utils 9088 8092  Server error: An error occurred while creating the service
INFO 2025-06-22 17:39:01,627 middleware 9088 8092 API Request
ERROR 2025-06-22 17:39:01,632 log 9088 8092 Internal Server Error: /api/v1/services/services/
ERROR 2025-06-22 17:39:01,640 basehttp 9088 8092 "POST /api/v1/services/services/ HTTP/1.1" 500 1307
INFO 2025-06-22 17:47:58,568 autoreload 9088 11180 D:\durgas\Prbal-App\prbal_server\services\models.py changed, reloading.
INFO 2025-06-22 17:48:14,384 autoreload 6964 4760 Watching for file changes with StatReloader
INFO 2025-06-22 17:48:23,081 urls 6964 4760  Loading Users App URL Configuration...
INFO 2025-06-22 17:48:23,553 urls 6964 4760  Users App URLs loaded successfully!
INFO 2025-06-22 17:48:23,556 urls 6964 4760  Total URL patterns: 28
INFO 2025-06-22 17:48:23,589 urls 6964 4760  Users App URL configuration complete!
INFO 2025-06-22 17:48:42,936 autoreload 6964 4760 D:\durgas\Prbal-App\prbal_server\services\serializers.py changed, reloading.
INFO 2025-06-22 17:48:49,166 autoreload 6264 15576 Watching for file changes with StatReloader
INFO 2025-06-22 17:48:55,033 urls 6264 15576  Loading Users App URL Configuration...
INFO 2025-06-22 17:48:55,170 urls 6264 15576  Users App URLs loaded successfully!
INFO 2025-06-22 17:48:55,173 urls 6264 15576  Total URL patterns: 28
INFO 2025-06-22 17:48:55,185 urls 6264 15576  Users App URL configuration complete!
INFO 2025-06-22 17:49:14,782 autoreload 6264 15576 D:\durgas\Prbal-App\prbal_server\services\models.py changed, reloading.
INFO 2025-06-22 17:49:22,365 autoreload 14720 8280 Watching for file changes with StatReloader
INFO 2025-06-22 17:49:30,439 urls 14720 8280  Loading Users App URL Configuration...
INFO 2025-06-22 17:49:30,887 urls 14720 8280  Users App URLs loaded successfully!
INFO 2025-06-22 17:49:30,943 urls 14720 8280  Total URL patterns: 28
INFO 2025-06-22 17:49:31,580 urls 14720 8280  Users App URL configuration complete!
INFO 2025-06-22 17:56:56,877 autoreload 8008 6256 Watching for file changes with StatReloader
INFO 2025-06-22 17:57:01,018 urls 8008 6256  Loading Users App URL Configuration...
INFO 2025-06-22 17:57:01,139 urls 8008 6256  Users App URLs loaded successfully!
INFO 2025-06-22 17:57:01,148 urls 8008 6256  Total URL patterns: 28
INFO 2025-06-22 17:57:01,170 urls 8008 6256  Users App URL configuration complete!
ERROR 2025-06-22 17:57:45,054 utils 8008 12444  Server error: An error occurred while creating the service
INFO 2025-06-22 17:57:45,062 middleware 8008 12444 API Request
ERROR 2025-06-22 17:57:45,069 log 8008 12444 Internal Server Error: /api/v1/services/services/
ERROR 2025-06-22 17:57:45,074 basehttp 8008 12444 "POST /api/v1/services/services/ HTTP/1.1" 500 1307
INFO 2025-06-22 18:01:02,676 utils 8008 9384  Bad request error: Service validation failed
INFO 2025-06-22 18:01:02,680 middleware 8008 9384 API Request
WARNING 2025-06-22 18:01:02,686 basehttp 8008 9384 "POST /api/v1/services/services/ HTTP/1.1" 400 1334
ERROR 2025-06-22 18:01:38,079 utils 8008 9384  Server error: An error occurred while creating the service
INFO 2025-06-22 18:01:38,082 middleware 8008 9384 API Request
ERROR 2025-06-22 18:01:38,085 log 8008 9384 Internal Server Error: /api/v1/services/services/
ERROR 2025-06-22 18:01:38,089 basehttp 8008 9384 "POST /api/v1/services/services/ HTTP/1.1" 500 1307
ERROR 2025-06-22 18:03:20,090 utils 8008 4192  Server error: An error occurred while creating the service
INFO 2025-06-22 18:03:20,092 middleware 8008 4192 API Request
ERROR 2025-06-22 18:03:20,095 log 8008 4192 Internal Server Error: /api/v1/services/services/
ERROR 2025-06-22 18:03:20,097 basehttp 8008 4192 "POST /api/v1/services/services/ HTTP/1.1" 500 1307
INFO 2025-06-22 18:07:05,645 autoreload 8008 6256 D:\durgas\Prbal-App\prbal_server\services\serializers.py changed, reloading.
INFO 2025-06-22 18:07:14,049 autoreload 2356 6240 Watching for file changes with StatReloader
INFO 2025-06-22 18:07:19,779 urls 2356 6240  Loading Users App URL Configuration...
INFO 2025-06-22 18:07:20,161 urls 2356 6240  Users App URLs loaded successfully!
INFO 2025-06-22 18:07:20,192 urls 2356 6240  Total URL patterns: 28
INFO 2025-06-22 18:07:20,400 urls 2356 6240  Users App URL configuration complete!
INFO 2025-06-22 18:09:54,505 autoreload 6368 7100 Watching for file changes with StatReloader
INFO 2025-06-22 18:09:59,347 urls 6368 7100  Loading Users App URL Configuration...
INFO 2025-06-22 18:09:59,609 urls 6368 7100  Users App URLs loaded successfully!
INFO 2025-06-22 18:09:59,618 urls 6368 7100  Total URL patterns: 28
INFO 2025-06-22 18:09:59,665 urls 6368 7100  Users App URL configuration complete!
ERROR 2025-06-22 18:12:34,360 utils 6368 17008  Server error: An error occurred while creating the service
INFO 2025-06-22 18:12:34,368 middleware 6368 17008 API Request
ERROR 2025-06-22 18:12:34,375 log 6368 17008 Internal Server Error: /api/v1/services/services/
ERROR 2025-06-22 18:12:34,380 basehttp 6368 17008 "POST /api/v1/services/services/ HTTP/1.1" 500 1315
INFO 2025-06-22 18:16:57,239 urls 13072 10960  Loading Users App URL Configuration...
INFO 2025-06-22 18:16:57,388 urls 13072 10960  Users App URLs loaded successfully!
INFO 2025-06-22 18:16:57,389 urls 13072 10960  Total URL patterns: 28
INFO 2025-06-22 18:16:57,399 urls 13072 10960  Users App URL configuration complete!
INFO 2025-06-22 18:17:25,016 urls 1516 2576  Loading Users App URL Configuration...
INFO 2025-06-22 18:17:25,155 urls 1516 2576  Users App URLs loaded successfully!
INFO 2025-06-22 18:17:25,158 urls 1516 2576  Total URL patterns: 28
INFO 2025-06-22 18:17:25,169 urls 1516 2576  Users App URL configuration complete!
INFO 2025-06-22 18:18:29,363 autoreload 6368 7100 D:\durgas\Prbal-App\prbal_server\services\models.py changed, reloading.
INFO 2025-06-22 18:18:41,347 autoreload 8712 4280 Watching for file changes with StatReloader
INFO 2025-06-22 18:19:55,024 urls 2476 14768  Loading Users App URL Configuration...
INFO 2025-06-22 18:19:55,198 urls 2476 14768  Users App URLs loaded successfully!
INFO 2025-06-22 18:19:55,199 urls 2476 14768  Total URL patterns: 28
INFO 2025-06-22 18:19:55,224 urls 2476 14768  Users App URL configuration complete!
INFO 2025-06-22 18:20:20,181 urls 15044 2352  Loading Users App URL Configuration...
INFO 2025-06-22 18:20:20,325 urls 15044 2352  Users App URLs loaded successfully!
INFO 2025-06-22 18:20:20,326 urls 15044 2352  Total URL patterns: 28
INFO 2025-06-22 18:20:20,345 urls 15044 2352  Users App URL configuration complete!
INFO 2025-06-22 18:21:02,711 urls 16976 16320  Loading Users App URL Configuration...
INFO 2025-06-22 18:21:02,893 urls 16976 16320  Users App URLs loaded successfully!
INFO 2025-06-22 18:21:02,894 urls 16976 16320  Total URL patterns: 28
INFO 2025-06-22 18:21:02,907 urls 16976 16320  Users App URL configuration complete!
INFO 2025-06-22 18:22:46,162 urls 16656 8724  Loading Users App URL Configuration...
INFO 2025-06-22 18:22:46,276 urls 16656 8724  Users App URLs loaded successfully!
INFO 2025-06-22 18:22:46,278 urls 16656 8724  Total URL patterns: 28
INFO 2025-06-22 18:22:46,295 urls 16656 8724  Users App URL configuration complete!
INFO 2025-06-22 18:22:56,460 urls 12456 17068  Loading Users App URL Configuration...
INFO 2025-06-22 18:22:56,581 urls 12456 17068  Users App URLs loaded successfully!
INFO 2025-06-22 18:22:56,583 urls 12456 17068  Total URL patterns: 28
INFO 2025-06-22 18:22:56,596 urls 12456 17068  Users App URL configuration complete!
INFO 2025-06-22 18:23:10,247 autoreload 6404 7476 Watching for file changes with StatReloader
INFO 2025-06-22 18:23:13,630 urls 6404 7476  Loading Users App URL Configuration...
INFO 2025-06-22 18:23:13,742 urls 6404 7476  Users App URLs loaded successfully!
INFO 2025-06-22 18:23:13,744 urls 6404 7476  Total URL patterns: 28
INFO 2025-06-22 18:23:13,758 urls 6404 7476  Users App URL configuration complete!
INFO 2025-06-22 18:26:00,862 middleware 6404 2488 API Request
WARNING 2025-06-22 18:26:00,884 basehttp 6404 2488 "POST /api/v1/services/services/ HTTP/1.1" 401 222
INFO 2025-06-22 18:32:12,555 middleware 6404 8496 API Request
INFO 2025-06-22 18:32:12,559 basehttp 6404 8496 "POST /api/v1/services/services/ HTTP/1.1" 201 1528
ERROR 2025-06-22 18:38:00,783 utils 6404 9116  Server error: An error occurred while retrieving the service
INFO 2025-06-22 18:38:00,788 middleware 6404 9116 API Request
ERROR 2025-06-22 18:38:00,791 log 6404 9116 Internal Server Error: /api/v1/services/services/9fbd347a-428a-4fa1-84b2-dab7c6181479/
ERROR 2025-06-22 18:38:00,795 basehttp 6404 9116 "GET /api/v1/services/services/9fbd347a-428a-4fa1-84b2-dab7c6181479/ HTTP/1.1" 500 270
INFO 2025-06-22 18:38:40,653 middleware 6404 9116 API Request
INFO 2025-06-22 18:38:40,658 basehttp 6404 9116 "GET /api/v1/services/services/9fbd347a-428a-4fa1-84b2-dab7c6181479/ HTTP/1.1" 200 3068
INFO 2025-06-22 18:39:29,403 utils 6404 9116  Bad request error: Service update validation failed
INFO 2025-06-22 18:39:29,406 middleware 6404 9116 API Request
WARNING 2025-06-22 18:39:29,410 basehttp 6404 9116 "PUT /api/v1/services/services/9fbd347a-428a-4fa1-84b2-dab7c6181479/ HTTP/1.1" 400 1539
INFO 2025-06-22 18:39:55,031 utils 6404 9116  Bad request error: Service update validation failed
INFO 2025-06-22 18:39:55,034 middleware 6404 9116 API Request
WARNING 2025-06-22 18:39:55,039 basehttp 6404 9116 "PUT /api/v1/services/services/9fbd347a-428a-4fa1-84b2-dab7c6181479/ HTTP/1.1" 400 1496
INFO 2025-06-22 18:40:29,108 middleware 6404 9116 API Request
INFO 2025-06-22 18:40:29,113 basehttp 6404 9116 "PUT /api/v1/services/services/9fbd347a-428a-4fa1-84b2-dab7c6181479/ HTTP/1.1" 200 1767
INFO 2025-06-22 18:41:31,018 middleware 6404 9444 API Request
INFO 2025-06-22 18:41:31,021 basehttp 6404 9444 "PATCH /api/v1/services/services/9fbd347a-428a-4fa1-84b2-dab7c6181479/ HTTP/1.1" 200 1398
INFO 2025-06-22 18:45:56,135 utils 6404 4588  Bad request error: Latitude and longitude are required parameters
INFO 2025-06-22 18:45:56,142 middleware 6404 4588 API Request
WARNING 2025-06-22 18:45:56,147 basehttp 6404 4588 "GET /api/v1/services/services/nearby/ HTTP/1.1" 400 317
INFO 2025-06-22 18:46:59,487 utils 6404 1884  Bad request error: Latitude and longitude are required parameters
INFO 2025-06-22 18:46:59,490 middleware 6404 1884 API Request
WARNING 2025-06-22 18:46:59,493 basehttp 6404 1884 "GET /api/v1/services/services/nearby/?latitude=19.0760&longitude=72.8777 HTTP/1.1" 400 317
ERROR 2025-06-22 18:48:06,890 utils 6404 10964  Server error: An error occurred while searching for nearby servi...
INFO 2025-06-22 18:48:06,893 middleware 6404 10964 API Request
ERROR 2025-06-22 18:48:06,895 log 6404 10964 Internal Server Error: /api/v1/services/services/nearby/
ERROR 2025-06-22 18:48:06,900 basehttp 6404 10964 "GET /api/v1/services/services/nearby/?lat=19.0760&lng=72.8777 HTTP/1.1" 500 275
ERROR 2025-06-22 18:48:23,000 utils 6404 10964  Server error: An error occurred while searching for nearby servi...
INFO 2025-06-22 18:48:23,002 middleware 6404 10964 API Request
ERROR 2025-06-22 18:48:23,005 log 6404 10964 Internal Server Error: /api/v1/services/services/nearby/
ERROR 2025-06-22 18:48:23,009 basehttp 6404 10964 "GET /api/v1/services/services/nearby/?lat=19.0760&lng=72.8777&radius=10 HTTP/1.1" 500 276
ERROR 2025-06-22 18:48:34,146 utils 6404 10964  Server error: An error occurred while searching for nearby servi...
INFO 2025-06-22 18:48:34,149 middleware 6404 10964 API Request
ERROR 2025-06-22 18:48:34,151 log 6404 10964 Internal Server Error: /api/v1/services/services/nearby/
ERROR 2025-06-22 18:48:34,154 basehttp 6404 10964 "GET /api/v1/services/services/nearby/?lat=19.0760&lng=72.8777&radius=10&max_results=20 HTTP/1.1" 500 277
ERROR 2025-06-22 18:49:47,250 utils 6404 10004  Server error: An error occurred while searching for nearby servi...
INFO 2025-06-22 18:49:47,253 middleware 6404 10004 API Request
ERROR 2025-06-22 18:49:47,255 log 6404 10004 Internal Server Error: /api/v1/services/services/nearby/
ERROR 2025-06-22 18:49:47,260 basehttp 6404 10004 "GET /api/v1/services/services/nearby/?lat=19.0760&lng=72.8777&radius=10 HTTP/1.1" 500 277
INFO 2025-06-22 18:53:22,516 autoreload 6404 7476 D:\durgas\Prbal-App\prbal_server\services\view_services.py changed, reloading.
INFO 2025-06-22 18:53:30,258 autoreload 4432 4684 Watching for file changes with StatReloader
INFO 2025-06-22 18:53:35,356 urls 4432 4684  Loading Users App URL Configuration...
INFO 2025-06-22 18:53:35,587 urls 4432 4684  Users App URLs loaded successfully!
INFO 2025-06-22 18:53:35,589 urls 4432 4684  Total URL patterns: 28
INFO 2025-06-22 18:53:35,622 urls 4432 4684  Users App URL configuration complete!
INFO 2025-06-22 18:56:55,858 urls 14732 9160  Loading Users App URL Configuration...
INFO 2025-06-22 18:56:55,971 urls 14732 9160  Users App URLs loaded successfully!
INFO 2025-06-22 18:56:55,972 urls 14732 9160  Total URL patterns: 28
INFO 2025-06-22 18:56:55,994 urls 14732 9160  Users App URL configuration complete!
INFO 2025-06-22 18:57:05,785 urls 7868 9008  Loading Users App URL Configuration...
INFO 2025-06-22 18:57:05,913 urls 7868 9008  Users App URLs loaded successfully!
INFO 2025-06-22 18:57:05,915 urls 7868 9008  Total URL patterns: 28
INFO 2025-06-22 18:57:05,929 urls 7868 9008  Users App URL configuration complete!
INFO 2025-06-22 18:57:20,299 autoreload 5040 16936 Watching for file changes with StatReloader
INFO 2025-06-22 18:57:23,370 urls 5040 16936  Loading Users App URL Configuration...
INFO 2025-06-22 18:57:23,486 urls 5040 16936  Users App URLs loaded successfully!
INFO 2025-06-22 18:57:23,488 urls 5040 16936  Total URL patterns: 28
INFO 2025-06-22 18:57:23,507 urls 5040 16936  Users App URL configuration complete!
INFO 2025-06-22 19:07:25,215 middleware 5040 10132 API Request
INFO 2025-06-22 19:07:25,219 basehttp 5040 10132 "GET /api/v1/services/services/nearby/?lat=19.0760&lng=72.8777&radius=10 HTTP/1.1" 200 407
INFO 2025-06-22 19:08:22,172 middleware 5040 10132 API Request
WARNING 2025-06-22 19:08:22,178 basehttp 5040 10132 "GET /api/v1/services/services/admin/ HTTP/1.1" 403 235
INFO 2025-06-22 19:53:29,664 middleware 5040 9776 API Request
WARNING 2025-06-22 19:53:29,692 basehttp 5040 9776 "POST /api/v1/services/api/services/requests/ HTTP/1.1" 404 31794
INFO 2025-06-22 19:54:01,861 middleware 5040 9776 API Request
WARNING 2025-06-22 19:54:01,946 basehttp 5040 9776 "POST /api/v1/services/requests/ HTTP/1.1" 403 108
INFO 2025-06-22 19:56:32,966 utils 5040 17100  Bad request error: Service request validation failed
INFO 2025-06-22 19:56:32,969 middleware 5040 17100 API Request
WARNING 2025-06-22 19:56:32,978 basehttp 5040 17100 "POST /api/v1/services/requests/ HTTP/1.1" 400 848
INFO 2025-06-22 20:04:04,536 utils 5040 17276  Bad request error: Service request validation failed
INFO 2025-06-22 20:04:04,550 middleware 5040 17276 API Request
WARNING 2025-06-22 20:04:04,561 basehttp 5040 17276 "POST /api/v1/services/requests/ HTTP/1.1" 400 871
INFO 2025-06-22 20:05:48,581 utils 5040 8580  Bad request error: Service request validation failed
INFO 2025-06-22 20:05:48,586 middleware 5040 8580 API Request
WARNING 2025-06-22 20:05:48,592 basehttp 5040 8580 "POST /api/v1/services/requests/ HTTP/1.1" 400 871
INFO 2025-06-22 20:06:53,793 middleware 5040 16476 API Request
INFO 2025-06-22 20:06:53,812 basehttp 5040 16476 "POST /api/v1/services/requests/ HTTP/1.1" 201 1055
INFO 2025-06-22 20:08:49,486 middleware 5040 2056 API Request
WARNING 2025-06-22 20:08:49,491 basehttp 5040 2056 "GET /api/v1/api/services/requests/d538327b-aa0e-4650-9545-7de703945e9e/ HTTP/1.1" 404 13968
ERROR 2025-06-22 20:16:00,703 utils 5040 2588  Server error: An error occurred while retrieving the service req...
INFO 2025-06-22 20:16:00,707 middleware 5040 2588 API Request
ERROR 2025-06-22 20:16:00,709 log 5040 2588 Internal Server Error: /api/v1/services/requests/d538327b-aa0e-4650-9545-7de703945e9e/
ERROR 2025-06-22 20:16:00,712 basehttp 5040 2588 "GET /api/v1/services/requests/d538327b-aa0e-4650-9545-7de703945e9e/ HTTP/1.1" 500 278
INFO 2025-06-22 20:16:48,437 middleware 5040 2588 API Request
INFO 2025-06-22 20:16:48,441 basehttp 5040 2588 "GET /api/v1/services/requests/d538327b-aa0e-4650-9545-7de703945e9e/ HTTP/1.1" 200 2579
INFO 2025-06-22 20:17:40,557 middleware 5040 2588 API Request
WARNING 2025-06-22 20:17:40,561 basehttp 5040 2588 "PUT /api/v1/api/services/requests/d538327b-aa0e-4650-9545-7de703945e9e/ HTTP/1.1" 404 13968
INFO 2025-06-22 20:17:58,502 middleware 5040 2588 API Request
INFO 2025-06-22 20:17:58,527 basehttp 5040 2588 "PUT /api/v1/services/requests/d538327b-aa0e-4650-9545-7de703945e9e/ HTTP/1.1" 200 1244
INFO 2025-06-22 20:18:10,079 middleware 5040 2588 API Request
INFO 2025-06-22 20:18:10,084 basehttp 5040 2588 "PUT /api/v1/services/requests/d538327b-aa0e-4650-9545-7de703945e9e/ HTTP/1.1" 200 1089
INFO 2025-06-22 20:19:00,083 middleware 5040 2588 API Request
WARNING 2025-06-22 20:19:00,090 basehttp 5040 2588 "PATCH /api/v1/api/services/requests/d538327b-aa0e-4650-9545-7de703945e9e/ HTTP/1.1" 404 13970
INFO 2025-06-22 20:19:19,394 middleware 5040 2588 API Request
INFO 2025-06-22 20:19:19,400 basehttp 5040 2588 "PATCH /api/v1/services/requests/d538327b-aa0e-4650-9545-7de703945e9e/ HTTP/1.1" 200 1217
INFO 2025-06-22 20:20:41,852 middleware 5040 19100 API Request
WARNING 2025-06-22 20:20:41,860 basehttp 5040 19100 "GET /api/v1/api/services/requests/my_requests/?status=open HTTP/1.1" 404 13905
ERROR 2025-06-22 20:21:00,604 log 5040 19100 Internal Server Error: /api/v1/services/requests/my_requests/
Traceback (most recent call last):
  File "D:\durgas\Prbal-App\prbal_server\abc\Lib\site-packages\django\core\handlers\exception.py", line 55, in inner
    response = get_response(request)
  File "D:\durgas\Prbal-App\prbal_server\abc\Lib\site-packages\django\core\handlers\base.py", line 220, in _get_response
    response = response.render()
  File "D:\durgas\Prbal-App\prbal_server\abc\Lib\site-packages\django\template\response.py", line 114, in render
    self.content = self.rendered_content
                   ^^^^^^^^^^^^^^^^^^^^^
  File "D:\durgas\Prbal-App\prbal_server\abc\Lib\site-packages\rest_framework\response.py", line 74, in rendered_content
    ret = renderer.render(self.data, accepted_media_type, context)
  File "D:\durgas\Prbal-App\prbal_server\abc\Lib\site-packages\rest_framework\renderers.py", line 100, in render
    ret = json.dumps(
        data, cls=self.encoder_class,
        indent=indent, ensure_ascii=self.ensure_ascii,
        allow_nan=not self.strict, separators=separators
    )
  File "D:\durgas\Prbal-App\prbal_server\abc\Lib\site-packages\rest_framework\utils\json.py", line 25, in dumps
    return json.dumps(*args, **kwargs)
           ~~~~~~~~~~^^^^^^^^^^^^^^^^^
  File "C:\Python313\Lib\json\__init__.py", line 238, in dumps
    **kw).encode(obj)
          ~~~~~~^^^^^
  File "C:\Python313\Lib\json\encoder.py", line 200, in encode
    chunks = self.iterencode(o, _one_shot=True)
  File "C:\Python313\Lib\json\encoder.py", line 261, in iterencode
    return _iterencode(o, 0)
  File "D:\durgas\Prbal-App\prbal_server\abc\Lib\site-packages\rest_framework\utils\encoders.py", line 67, in default
    return super().default(obj)
           ~~~~~~~~~~~~~~~^^^^^
  File "C:\Python313\Lib\json\encoder.py", line 180, in default
    raise TypeError(f'Object of type {o.__class__.__name__} '
                    f'is not JSON serializable')
TypeError: Object of type Page is not JSON serializable
INFO 2025-06-22 20:21:00,647 middleware 5040 19100 API Request
ERROR 2025-06-22 20:21:00,652 basehttp 5040 19100 "GET /api/v1/services/requests/my_requests/?status=open HTTP/1.1" 500 138283
ERROR 2025-06-22 20:21:15,179 log 5040 19100 Internal Server Error: /api/v1/services/requests/my_requests/
Traceback (most recent call last):
  File "D:\durgas\Prbal-App\prbal_server\abc\Lib\site-packages\django\core\handlers\exception.py", line 55, in inner
    response = get_response(request)
  File "D:\durgas\Prbal-App\prbal_server\abc\Lib\site-packages\django\core\handlers\base.py", line 220, in _get_response
    response = response.render()
  File "D:\durgas\Prbal-App\prbal_server\abc\Lib\site-packages\django\template\response.py", line 114, in render
    self.content = self.rendered_content
                   ^^^^^^^^^^^^^^^^^^^^^
  File "D:\durgas\Prbal-App\prbal_server\abc\Lib\site-packages\rest_framework\response.py", line 74, in rendered_content
    ret = renderer.render(self.data, accepted_media_type, context)
  File "D:\durgas\Prbal-App\prbal_server\abc\Lib\site-packages\rest_framework\renderers.py", line 100, in render
    ret = json.dumps(
        data, cls=self.encoder_class,
        indent=indent, ensure_ascii=self.ensure_ascii,
        allow_nan=not self.strict, separators=separators
    )
  File "D:\durgas\Prbal-App\prbal_server\abc\Lib\site-packages\rest_framework\utils\json.py", line 25, in dumps
    return json.dumps(*args, **kwargs)
           ~~~~~~~~~~^^^^^^^^^^^^^^^^^
  File "C:\Python313\Lib\json\__init__.py", line 238, in dumps
    **kw).encode(obj)
          ~~~~~~^^^^^
  File "C:\Python313\Lib\json\encoder.py", line 200, in encode
    chunks = self.iterencode(o, _one_shot=True)
  File "C:\Python313\Lib\json\encoder.py", line 261, in iterencode
    return _iterencode(o, 0)
  File "D:\durgas\Prbal-App\prbal_server\abc\Lib\site-packages\rest_framework\utils\encoders.py", line 67, in default
    return super().default(obj)
           ~~~~~~~~~~~~~~~^^^^^
  File "C:\Python313\Lib\json\encoder.py", line 180, in default
    raise TypeError(f'Object of type {o.__class__.__name__} '
                    f'is not JSON serializable')
TypeError: Object of type Page is not JSON serializable
INFO 2025-06-22 20:21:15,197 middleware 5040 19100 API Request
ERROR 2025-06-22 20:21:15,202 basehttp 5040 19100 "GET /api/v1/services/requests/my_requests/?status=open HTTP/1.1" 500 138283
ERROR 2025-06-22 20:25:38,119 log 5040 17848 Internal Server Error: /api/v1/services/requests/my_requests/
Traceback (most recent call last):
  File "D:\durgas\Prbal-App\prbal_server\abc\Lib\site-packages\django\core\handlers\exception.py", line 55, in inner
    response = get_response(request)
  File "D:\durgas\Prbal-App\prbal_server\abc\Lib\site-packages\django\core\handlers\base.py", line 220, in _get_response
    response = response.render()
  File "D:\durgas\Prbal-App\prbal_server\abc\Lib\site-packages\django\template\response.py", line 114, in render
    self.content = self.rendered_content
                   ^^^^^^^^^^^^^^^^^^^^^
  File "D:\durgas\Prbal-App\prbal_server\abc\Lib\site-packages\rest_framework\response.py", line 74, in rendered_content
    ret = renderer.render(self.data, accepted_media_type, context)
  File "D:\durgas\Prbal-App\prbal_server\abc\Lib\site-packages\rest_framework\renderers.py", line 100, in render
    ret = json.dumps(
        data, cls=self.encoder_class,
        indent=indent, ensure_ascii=self.ensure_ascii,
        allow_nan=not self.strict, separators=separators
    )
  File "D:\durgas\Prbal-App\prbal_server\abc\Lib\site-packages\rest_framework\utils\json.py", line 25, in dumps
    return json.dumps(*args, **kwargs)
           ~~~~~~~~~~^^^^^^^^^^^^^^^^^
  File "C:\Python313\Lib\json\__init__.py", line 238, in dumps
    **kw).encode(obj)
          ~~~~~~^^^^^
  File "C:\Python313\Lib\json\encoder.py", line 200, in encode
    chunks = self.iterencode(o, _one_shot=True)
  File "C:\Python313\Lib\json\encoder.py", line 261, in iterencode
    return _iterencode(o, 0)
  File "D:\durgas\Prbal-App\prbal_server\abc\Lib\site-packages\rest_framework\utils\encoders.py", line 67, in default
    return super().default(obj)
           ~~~~~~~~~~~~~~~^^^^^
  File "C:\Python313\Lib\json\encoder.py", line 180, in default
    raise TypeError(f'Object of type {o.__class__.__name__} '
                    f'is not JSON serializable')
TypeError: Object of type Page is not JSON serializable
INFO 2025-06-22 20:25:38,142 middleware 5040 17848 API Request
ERROR 2025-06-22 20:25:38,147 basehttp 5040 17848 "GET /api/v1/services/requests/my_requests/?status=open HTTP/1.1" 500 138283
INFO 2025-06-22 20:29:50,171 autoreload 5040 16936 D:\durgas\Prbal-App\prbal_server\services\view_requests.py changed, reloading.
INFO 2025-06-22 20:30:02,041 autoreload 16612 7008 Watching for file changes with StatReloader
INFO 2025-06-22 20:30:07,039 urls 16612 7008  Loading Users App URL Configuration...
INFO 2025-06-22 20:30:07,251 urls 16612 7008  Users App URLs loaded successfully!
INFO 2025-06-22 20:30:07,253 urls 16612 7008  Total URL patterns: 28
INFO 2025-06-22 20:30:07,286 urls 16612 7008  Users App URL configuration complete!
INFO 2025-06-22 20:30:21,550 autoreload 16612 7008 D:\durgas\Prbal-App\prbal_server\services\view_requests.py changed, reloading.
INFO 2025-06-22 20:30:29,362 autoreload 17528 10948 Watching for file changes with StatReloader
INFO 2025-06-22 20:30:34,338 urls 17528 10948  Loading Users App URL Configuration...
INFO 2025-06-22 20:30:34,474 urls 17528 10948  Users App URLs loaded successfully!
INFO 2025-06-22 20:30:34,477 urls 17528 10948  Total URL patterns: 28
INFO 2025-06-22 20:30:34,489 urls 17528 10948  Users App URL configuration complete!
INFO 2025-06-22 20:31:09,730 autoreload 17528 10948 D:\durgas\Prbal-App\prbal_server\services\view_requests.py changed, reloading.
INFO 2025-06-22 20:31:20,371 autoreload 18584 18992 Watching for file changes with StatReloader
INFO 2025-06-22 20:31:27,062 urls 18584 16952  Loading Users App URL Configuration...
INFO 2025-06-22 20:31:27,298 urls 18584 16952  Users App URLs loaded successfully!
INFO 2025-06-22 20:31:27,301 urls 18584 16952  Total URL patterns: 28
INFO 2025-06-22 20:31:27,332 urls 18584 16952  Users App URL configuration complete!
INFO 2025-06-22 15:54:03,322 urls 1145 140175372939904  Loading Users App URL Configuration...
INFO 2025-06-22 15:54:03,350 urls 1145 140175372939904  Users App URLs loaded successfully!
INFO 2025-06-22 15:54:03,350 urls 1145 140175372939904  Total URL patterns: 28
INFO 2025-06-22 15:54:03,353 urls 1145 140175372939904  Users App URL configuration complete!
INFO 2025-06-22 15:54:04,489 urls 1151 140164851995264  Loading Users App URL Configuration...
INFO 2025-06-22 15:54:04,493 urls 1151 140164851995264  Users App URLs loaded successfully!
INFO 2025-06-22 15:54:04,493 urls 1151 140164851995264  Total URL patterns: 28
INFO 2025-06-22 15:54:04,493 urls 1151 140164851995264  Users App URL configuration complete!
INFO 2025-06-22 15:54:05,881 autoreload 1166 140450095665792 Watching for file changes with StatReloader
INFO 2025-06-22 15:54:06,048 urls 1166 140450095665792  Loading Users App URL Configuration...
INFO 2025-06-22 15:54:06,052 urls 1166 140450095665792  Users App URLs loaded successfully!
INFO 2025-06-22 15:54:06,052 urls 1166 140450095665792  Total URL patterns: 28
INFO 2025-06-22 15:54:06,052 urls 1166 140450095665792  Users App URL configuration complete!
WARNING 2025-06-22 15:54:09,405 basehttp 1166 140449919530752 "GET / HTTP/1.1" 404 5749
ERROR 2025-06-22 15:54:13,646 log 1166 140449919530752 Invalid HTTP_HOST header: 'jd8lhn-8000.csb.app'. You may need to add 'jd8lhn-8000.csb.app' to ALLOWED_HOSTS.
Traceback (most recent call last):
  File "/usr/local/python/3.10.13/lib/python3.10/site-packages/django/core/handlers/exception.py", line 55, in inner
    response = get_response(request)
  File "/usr/local/python/3.10.13/lib/python3.10/site-packages/django/utils/deprecation.py", line 119, in __call__
    response = self.process_request(request)
  File "/usr/local/python/3.10.13/lib/python3.10/site-packages/django/middleware/common.py", line 48, in process_request
    host = request.get_host()
  File "/usr/local/python/3.10.13/lib/python3.10/site-packages/django/http/request.py", line 191, in get_host
    raise DisallowedHost(msg)
django.core.exceptions.DisallowedHost: Invalid HTTP_HOST header: 'jd8lhn-8000.csb.app'. You may need to add 'jd8lhn-8000.csb.app' to ALLOWED_HOSTS.
WARNING 2025-06-22 15:54:13,648 basehttp 1166 140449919530752 "GET / HTTP/1.1" 400 90318
INFO 2025-06-22 15:56:19,556 urls 900 139986221208192  Loading Users App URL Configuration...
INFO 2025-06-22 15:56:19,561 urls 900 139986221208192  Users App URLs loaded successfully!
INFO 2025-06-22 15:56:19,561 urls 900 139986221208192  Total URL patterns: 28
INFO 2025-06-22 15:56:19,561 urls 900 139986221208192  Users App URL configuration complete!
INFO 2025-06-22 15:56:21,962 urls 909 140383761023616  Loading Users App URL Configuration...
INFO 2025-06-22 15:56:21,966 urls 909 140383761023616  Users App URLs loaded successfully!
INFO 2025-06-22 15:56:21,966 urls 909 140383761023616  Total URL patterns: 28
INFO 2025-06-22 15:56:21,966 urls 909 140383761023616  Users App URL configuration complete!
INFO 2025-06-22 15:56:39,367 autoreload 940 140550925644416 Watching for file changes with StatReloader
INFO 2025-06-22 15:56:39,567 urls 940 140550925644416  Loading Users App URL Configuration...
INFO 2025-06-22 15:56:39,572 urls 940 140550925644416  Users App URLs loaded successfully!
INFO 2025-06-22 15:56:39,572 urls 940 140550925644416  Total URL patterns: 28
INFO 2025-06-22 15:56:39,572 urls 940 140550925644416  Users App URL configuration complete!
WARNING 2025-06-22 15:56:43,615 basehttp 940 140550815610624 "GET / HTTP/1.1" 404 5749
